{"/home/fkupis/github/Spacebros1/src/js/core/constants.js": {"path":"/home/fkupis/github/Spacebros1/src/js/core/constants.js","statementMap":{"0":{"start":{"line":7,"column":26},"end":{"line":7,"column":29}},"1":{"start":{"line":8,"column":35},"end":{"line":8,"column":38}},"2":{"start":{"line":13,"column":23},"end":{"line":13,"column":25}},"3":{"start":{"line":15,"column":27},"end":{"line":15,"column":30}},"4":{"start":{"line":16,"column":27},"end":{"line":16,"column":45}},"5":{"start":{"line":17,"column":39},"end":{"line":17,"column":41}},"6":{"start":{"line":20,"column":32},"end":{"line":20,"column":46}},"7":{"start":{"line":23,"column":36},"end":{"line":23,"column":41}},"8":{"start":{"line":26,"column":39},"end":{"line":26,"column":42}},"9":{"start":{"line":29,"column":36},"end":{"line":29,"column":64}},"10":{"start":{"line":30,"column":30},"end":{"line":30,"column":69}},"11":{"start":{"line":31,"column":47},"end":{"line":31,"column":52}},"12":{"start":{"line":34,"column":26},"end":{"line":60,"column":1}},"13":{"start":{"line":63,"column":31},"end":{"line":63,"column":32}},"14":{"start":{"line":64,"column":31},"end":{"line":64,"column":32}},"15":{"start":{"line":65,"column":33},"end":{"line":65,"column":66}},"16":{"start":{"line":66,"column":34},"end":{"line":66,"column":56}},"17":{"start":{"line":67,"column":34},"end":{"line":67,"column":56}},"18":{"start":{"line":70,"column":40},"end":{"line":70,"column":43}},"19":{"start":{"line":71,"column":38},"end":{"line":71,"column":49}},"20":{"start":{"line":72,"column":42},"end":{"line":72,"column":45}},"21":{"start":{"line":75,"column":32},"end":{"line":75,"column":36}},"22":{"start":{"line":76,"column":29},"end":{"line":76,"column":34}},"23":{"start":{"line":77,"column":28},"end":{"line":77,"column":33}},"24":{"start":{"line":80,"column":28},"end":{"line":134,"column":1}},"25":{"start":{"line":137,"column":38},"end":{"line":603,"column":1}}},"fnMap":{},"branchMap":{},"s":{"0":2,"1":2,"2":2,"3":2,"4":2,"5":2,"6":2,"7":2,"8":2,"9":2,"10":2,"11":2,"12":2,"13":2,"14":2,"15":2,"16":2,"17":2,"18":2,"19":2,"20":2,"21":2,"22":2,"23":2,"24":2,"25":2},"f":{},"b":{},"meta":{"lastBranch":0,"lastFunction":0,"lastStatement":26,"seen":{"s:7:26:7:29":0,"s:8:35:8:38":1,"s:13:23:13:25":2,"s:15:27:15:30":3,"s:16:27:16:45":4,"s:17:39:17:41":5,"s:20:32:20:46":6,"s:23:36:23:41":7,"s:26:39:26:42":8,"s:29:36:29:64":9,"s:30:30:30:69":10,"s:31:47:31:52":11,"s:34:26:60:1":12,"s:63:31:63:32":13,"s:64:31:64:32":14,"s:65:33:65:66":15,"s:66:34:66:56":16,"s:67:34:67:56":17,"s:70:40:70:43":18,"s:71:38:71:49":19,"s:72:42:72:45":20,"s:75:32:75:36":21,"s:76:29:76:34":22,"s:77:28:77:33":23,"s:80:28:134:1":24,"s:137:38:603:1":25}}}
,"/home/fkupis/github/Spacebros1/src/js/core/game-context.js": {"path":"/home/fkupis/github/Spacebros1/src/js/core/game-context.js","statementMap":{"0":{"start":{"line":3,"column":27},"end":{"line":326,"column":1}},"1":{"start":{"line":215,"column":8},"end":{"line":215,"column":null}},"2":{"start":{"line":216,"column":8},"end":{"line":216,"column":null}},"3":{"start":{"line":217,"column":8},"end":{"line":217,"column":null}},"4":{"start":{"line":218,"column":8},"end":{"line":218,"column":null}},"5":{"start":{"line":219,"column":8},"end":{"line":219,"column":null}},"6":{"start":{"line":220,"column":8},"end":{"line":220,"column":null}},"7":{"start":{"line":221,"column":8},"end":{"line":221,"column":null}},"8":{"start":{"line":222,"column":8},"end":{"line":222,"column":null}},"9":{"start":{"line":223,"column":8},"end":{"line":223,"column":null}},"10":{"start":{"line":224,"column":8},"end":{"line":224,"column":null}},"11":{"start":{"line":225,"column":8},"end":{"line":225,"column":null}},"12":{"start":{"line":226,"column":8},"end":{"line":226,"column":null}},"13":{"start":{"line":227,"column":8},"end":{"line":227,"column":null}},"14":{"start":{"line":228,"column":8},"end":{"line":228,"column":null}},"15":{"start":{"line":229,"column":8},"end":{"line":229,"column":null}},"16":{"start":{"line":230,"column":8},"end":{"line":230,"column":null}},"17":{"start":{"line":231,"column":8},"end":{"line":231,"column":null}},"18":{"start":{"line":232,"column":8},"end":{"line":232,"column":null}},"19":{"start":{"line":233,"column":8},"end":{"line":233,"column":null}},"20":{"start":{"line":234,"column":8},"end":{"line":234,"column":null}},"21":{"start":{"line":235,"column":8},"end":{"line":235,"column":null}},"22":{"start":{"line":236,"column":8},"end":{"line":236,"column":null}},"23":{"start":{"line":237,"column":8},"end":{"line":237,"column":null}},"24":{"start":{"line":238,"column":8},"end":{"line":238,"column":null}},"25":{"start":{"line":239,"column":8},"end":{"line":239,"column":null}},"26":{"start":{"line":240,"column":8},"end":{"line":240,"column":null}},"27":{"start":{"line":241,"column":8},"end":{"line":241,"column":null}},"28":{"start":{"line":242,"column":8},"end":{"line":242,"column":null}},"29":{"start":{"line":243,"column":8},"end":{"line":243,"column":null}},"30":{"start":{"line":244,"column":8},"end":{"line":244,"column":null}},"31":{"start":{"line":245,"column":8},"end":{"line":245,"column":null}},"32":{"start":{"line":246,"column":8},"end":{"line":246,"column":null}},"33":{"start":{"line":247,"column":8},"end":{"line":247,"column":null}},"34":{"start":{"line":248,"column":8},"end":{"line":248,"column":null}},"35":{"start":{"line":249,"column":8},"end":{"line":249,"column":null}},"36":{"start":{"line":250,"column":8},"end":{"line":250,"column":null}},"37":{"start":{"line":251,"column":8},"end":{"line":251,"column":null}},"38":{"start":{"line":252,"column":8},"end":{"line":252,"column":null}},"39":{"start":{"line":253,"column":8},"end":{"line":253,"column":null}},"40":{"start":{"line":254,"column":8},"end":{"line":254,"column":null}},"41":{"start":{"line":255,"column":8},"end":{"line":255,"column":null}},"42":{"start":{"line":256,"column":8},"end":{"line":256,"column":null}},"43":{"start":{"line":257,"column":8},"end":{"line":257,"column":null}},"44":{"start":{"line":258,"column":8},"end":{"line":258,"column":null}},"45":{"start":{"line":259,"column":8},"end":{"line":259,"column":null}},"46":{"start":{"line":260,"column":8},"end":{"line":260,"column":null}},"47":{"start":{"line":261,"column":8},"end":{"line":261,"column":null}},"48":{"start":{"line":262,"column":8},"end":{"line":262,"column":null}},"49":{"start":{"line":263,"column":8},"end":{"line":263,"column":null}},"50":{"start":{"line":264,"column":8},"end":{"line":264,"column":null}},"51":{"start":{"line":265,"column":8},"end":{"line":265,"column":null}},"52":{"start":{"line":266,"column":8},"end":{"line":266,"column":null}},"53":{"start":{"line":267,"column":8},"end":{"line":267,"column":null}},"54":{"start":{"line":268,"column":8},"end":{"line":268,"column":null}},"55":{"start":{"line":269,"column":8},"end":{"line":269,"column":null}},"56":{"start":{"line":270,"column":8},"end":{"line":270,"column":null}},"57":{"start":{"line":271,"column":8},"end":{"line":271,"column":null}},"58":{"start":{"line":272,"column":8},"end":{"line":272,"column":null}},"59":{"start":{"line":273,"column":8},"end":{"line":273,"column":null}},"60":{"start":{"line":274,"column":8},"end":{"line":274,"column":null}},"61":{"start":{"line":275,"column":8},"end":{"line":275,"column":null}},"62":{"start":{"line":276,"column":8},"end":{"line":276,"column":null}},"63":{"start":{"line":277,"column":8},"end":{"line":277,"column":null}},"64":{"start":{"line":278,"column":8},"end":{"line":278,"column":null}},"65":{"start":{"line":279,"column":8},"end":{"line":279,"column":null}},"66":{"start":{"line":280,"column":8},"end":{"line":280,"column":null}},"67":{"start":{"line":281,"column":8},"end":{"line":281,"column":null}},"68":{"start":{"line":282,"column":8},"end":{"line":282,"column":null}},"69":{"start":{"line":283,"column":8},"end":{"line":283,"column":null}},"70":{"start":{"line":284,"column":8},"end":{"line":284,"column":null}},"71":{"start":{"line":285,"column":8},"end":{"line":285,"column":null}},"72":{"start":{"line":286,"column":8},"end":{"line":286,"column":null}},"73":{"start":{"line":287,"column":8},"end":{"line":287,"column":null}},"74":{"start":{"line":288,"column":8},"end":{"line":288,"column":null}},"75":{"start":{"line":289,"column":8},"end":{"line":289,"column":null}},"76":{"start":{"line":290,"column":8},"end":{"line":290,"column":null}},"77":{"start":{"line":291,"column":8},"end":{"line":291,"column":null}},"78":{"start":{"line":292,"column":8},"end":{"line":292,"column":null}},"79":{"start":{"line":293,"column":8},"end":{"line":293,"column":null}},"80":{"start":{"line":294,"column":8},"end":{"line":294,"column":null}},"81":{"start":{"line":295,"column":8},"end":{"line":295,"column":null}},"82":{"start":{"line":296,"column":8},"end":{"line":296,"column":null}},"83":{"start":{"line":297,"column":8},"end":{"line":297,"column":null}},"84":{"start":{"line":298,"column":8},"end":{"line":298,"column":null}},"85":{"start":{"line":299,"column":8},"end":{"line":299,"column":null}},"86":{"start":{"line":300,"column":8},"end":{"line":300,"column":null}},"87":{"start":{"line":301,"column":8},"end":{"line":301,"column":null}},"88":{"start":{"line":302,"column":8},"end":{"line":302,"column":null}},"89":{"start":{"line":303,"column":8},"end":{"line":303,"column":null}},"90":{"start":{"line":304,"column":8},"end":{"line":304,"column":null}},"91":{"start":{"line":305,"column":8},"end":{"line":305,"column":null}},"92":{"start":{"line":306,"column":8},"end":{"line":306,"column":null}},"93":{"start":{"line":307,"column":8},"end":{"line":307,"column":null}},"94":{"start":{"line":308,"column":8},"end":{"line":308,"column":null}},"95":{"start":{"line":309,"column":8},"end":{"line":309,"column":null}},"96":{"start":{"line":310,"column":8},"end":{"line":310,"column":null}},"97":{"start":{"line":311,"column":8},"end":{"line":311,"column":null}},"98":{"start":{"line":312,"column":8},"end":{"line":320,"column":null}},"99":{"start":{"line":321,"column":8},"end":{"line":321,"column":null}},"100":{"start":{"line":322,"column":8},"end":{"line":322,"column":null}},"101":{"start":{"line":323,"column":8},"end":{"line":323,"column":null}},"102":{"start":{"line":324,"column":8},"end":{"line":324,"column":null}},"103":{"start":{"line":332,"column":4},"end":{"line":332,"column":null}},"104":{"start":{"line":332,"column":33},"end":{"line":332,"column":null}},"105":{"start":{"line":333,"column":4},"end":{"line":333,"column":null}}},"fnMap":{"0":{"name":"(anonymous_0)","decl":{"start":{"line":214,"column":4},"end":{"line":214,"column":9}},"loc":{"start":{"line":214,"column":12},"end":{"line":325,"column":null}},"line":214},"1":{"name":"getElapsedGameTime","decl":{"start":{"line":331,"column":16},"end":{"line":331,"column":34}},"loc":{"start":{"line":331,"column":37},"end":{"line":334,"column":null}},"line":331}},"branchMap":{"0":{"loc":{"start":{"line":332,"column":4},"end":{"line":332,"column":null}},"type":"if","locations":[{"start":{"line":332,"column":4},"end":{"line":332,"column":null}},{"start":{},"end":{}}],"line":332}},"s":{"0":1,"1":24,"2":24,"3":24,"4":24,"5":24,"6":24,"7":24,"8":24,"9":24,"10":24,"11":24,"12":24,"13":24,"14":24,"15":24,"16":24,"17":24,"18":24,"19":24,"20":24,"21":24,"22":24,"23":24,"24":24,"25":24,"26":24,"27":24,"28":24,"29":24,"30":24,"31":24,"32":24,"33":24,"34":24,"35":24,"36":24,"37":24,"38":24,"39":24,"40":24,"41":24,"42":24,"43":24,"44":24,"45":24,"46":24,"47":24,"48":24,"49":24,"50":24,"51":24,"52":24,"53":24,"54":24,"55":24,"56":24,"57":24,"58":24,"59":24,"60":24,"61":24,"62":24,"63":24,"64":24,"65":24,"66":24,"67":24,"68":24,"69":24,"70":24,"71":24,"72":24,"73":24,"74":24,"75":24,"76":24,"77":24,"78":24,"79":24,"80":24,"81":24,"82":24,"83":24,"84":24,"85":24,"86":24,"87":24,"88":24,"89":24,"90":24,"91":24,"92":24,"93":24,"94":24,"95":24,"96":24,"97":24,"98":24,"99":24,"100":24,"101":24,"102":24,"103":3,"104":1,"105":2},"f":{"0":24,"1":3},"b":{"0":[1,2]},"meta":{"lastBranch":1,"lastFunction":2,"lastStatement":106,"seen":{"s:3:27:326:1":0,"f:214:4:214:9":0,"s:215:8:215:Infinity":1,"s:216:8:216:Infinity":2,"s:217:8:217:Infinity":3,"s:218:8:218:Infinity":4,"s:219:8:219:Infinity":5,"s:220:8:220:Infinity":6,"s:221:8:221:Infinity":7,"s:222:8:222:Infinity":8,"s:223:8:223:Infinity":9,"s:224:8:224:Infinity":10,"s:225:8:225:Infinity":11,"s:226:8:226:Infinity":12,"s:227:8:227:Infinity":13,"s:228:8:228:Infinity":14,"s:229:8:229:Infinity":15,"s:230:8:230:Infinity":16,"s:231:8:231:Infinity":17,"s:232:8:232:Infinity":18,"s:233:8:233:Infinity":19,"s:234:8:234:Infinity":20,"s:235:8:235:Infinity":21,"s:236:8:236:Infinity":22,"s:237:8:237:Infinity":23,"s:238:8:238:Infinity":24,"s:239:8:239:Infinity":25,"s:240:8:240:Infinity":26,"s:241:8:241:Infinity":27,"s:242:8:242:Infinity":28,"s:243:8:243:Infinity":29,"s:244:8:244:Infinity":30,"s:245:8:245:Infinity":31,"s:246:8:246:Infinity":32,"s:247:8:247:Infinity":33,"s:248:8:248:Infinity":34,"s:249:8:249:Infinity":35,"s:250:8:250:Infinity":36,"s:251:8:251:Infinity":37,"s:252:8:252:Infinity":38,"s:253:8:253:Infinity":39,"s:254:8:254:Infinity":40,"s:255:8:255:Infinity":41,"s:256:8:256:Infinity":42,"s:257:8:257:Infinity":43,"s:258:8:258:Infinity":44,"s:259:8:259:Infinity":45,"s:260:8:260:Infinity":46,"s:261:8:261:Infinity":47,"s:262:8:262:Infinity":48,"s:263:8:263:Infinity":49,"s:264:8:264:Infinity":50,"s:265:8:265:Infinity":51,"s:266:8:266:Infinity":52,"s:267:8:267:Infinity":53,"s:268:8:268:Infinity":54,"s:269:8:269:Infinity":55,"s:270:8:270:Infinity":56,"s:271:8:271:Infinity":57,"s:272:8:272:Infinity":58,"s:273:8:273:Infinity":59,"s:274:8:274:Infinity":60,"s:275:8:275:Infinity":61,"s:276:8:276:Infinity":62,"s:277:8:277:Infinity":63,"s:278:8:278:Infinity":64,"s:279:8:279:Infinity":65,"s:280:8:280:Infinity":66,"s:281:8:281:Infinity":67,"s:282:8:282:Infinity":68,"s:283:8:283:Infinity":69,"s:284:8:284:Infinity":70,"s:285:8:285:Infinity":71,"s:286:8:286:Infinity":72,"s:287:8:287:Infinity":73,"s:288:8:288:Infinity":74,"s:289:8:289:Infinity":75,"s:290:8:290:Infinity":76,"s:291:8:291:Infinity":77,"s:292:8:292:Infinity":78,"s:293:8:293:Infinity":79,"s:294:8:294:Infinity":80,"s:295:8:295:Infinity":81,"s:296:8:296:Infinity":82,"s:297:8:297:Infinity":83,"s:298:8:298:Infinity":84,"s:299:8:299:Infinity":85,"s:300:8:300:Infinity":86,"s:301:8:301:Infinity":87,"s:302:8:302:Infinity":88,"s:303:8:303:Infinity":89,"s:304:8:304:Infinity":90,"s:305:8:305:Infinity":91,"s:306:8:306:Infinity":92,"s:307:8:307:Infinity":93,"s:308:8:308:Infinity":94,"s:309:8:309:Infinity":95,"s:310:8:310:Infinity":96,"s:311:8:311:Infinity":97,"s:312:8:320:Infinity":98,"s:321:8:321:Infinity":99,"s:322:8:322:Infinity":100,"s:323:8:323:Infinity":101,"s:324:8:324:Infinity":102,"f:331:16:331:34":1,"b:332:4:332:Infinity:undefined:undefined:undefined:undefined":0,"s:332:4:332:Infinity":103,"s:332:33:332:Infinity":104,"s:333:4:333:Infinity":105}}}
,"/home/fkupis/github/Spacebros1/src/js/core/math.js": {"path":"/home/fkupis/github/Spacebros1/src/js/core/math.js","statementMap":{"0":{"start":{"line":11,"column":8},"end":{"line":11,"column":null}},"1":{"start":{"line":12,"column":8},"end":{"line":12,"column":null}},"2":{"start":{"line":16,"column":8},"end":{"line":16,"column":null}},"3":{"start":{"line":17,"column":8},"end":{"line":17,"column":null}},"4":{"start":{"line":18,"column":8},"end":{"line":18,"column":null}},"5":{"start":{"line":22,"column":8},"end":{"line":22,"column":null}},"6":{"start":{"line":23,"column":8},"end":{"line":23,"column":null}},"7":{"start":{"line":24,"column":8},"end":{"line":24,"column":null}},"8":{"start":{"line":28,"column":8},"end":{"line":28,"column":null}},"9":{"start":{"line":29,"column":8},"end":{"line":29,"column":null}},"10":{"start":{"line":30,"column":8},"end":{"line":30,"column":null}},"11":{"start":{"line":34,"column":8},"end":{"line":37,"column":null}},"12":{"start":{"line":35,"column":12},"end":{"line":35,"column":null}},"13":{"start":{"line":36,"column":12},"end":{"line":36,"column":null}},"14":{"start":{"line":38,"column":8},"end":{"line":38,"column":null}},"15":{"start":{"line":42,"column":8},"end":{"line":42,"column":null}},"16":{"start":{"line":46,"column":8},"end":{"line":46,"column":null}},"17":{"start":{"line":50,"column":18},"end":{"line":50,"column":28}},"18":{"start":{"line":51,"column":8},"end":{"line":54,"column":null}},"19":{"start":{"line":52,"column":12},"end":{"line":52,"column":null}},"20":{"start":{"line":53,"column":12},"end":{"line":53,"column":null}},"21":{"start":{"line":55,"column":8},"end":{"line":55,"column":null}},"22":{"start":{"line":59,"column":8},"end":{"line":59,"column":null}},"23":{"start":{"line":63,"column":8},"end":{"line":63,"column":null}},"24":{"start":{"line":64,"column":8},"end":{"line":64,"column":null}},"25":{"start":{"line":65,"column":8},"end":{"line":65,"column":null}},"26":{"start":{"line":69,"column":8},"end":{"line":69,"column":null}},"27":{"start":{"line":73,"column":8},"end":{"line":73,"column":null}},"28":{"start":{"line":81,"column":19},"end":{"line":81,"column":30}},"29":{"start":{"line":82,"column":19},"end":{"line":82,"column":30}},"30":{"start":{"line":83,"column":8},"end":{"line":83,"column":null}},"31":{"start":{"line":89,"column":25},"end":{"line":89,"column":37}},"32":{"start":{"line":90,"column":25},"end":{"line":90,"column":37}},"33":{"start":{"line":91,"column":25},"end":{"line":91,"column":37}},"34":{"start":{"line":99,"column":8},"end":{"line":99,"column":null}},"35":{"start":{"line":100,"column":8},"end":{"line":100,"column":null}},"36":{"start":{"line":104,"column":8},"end":{"line":104,"column":null}},"37":{"start":{"line":108,"column":8},"end":{"line":108,"column":null}},"38":{"start":{"line":112,"column":18},"end":{"line":112,"column":54}},"39":{"start":{"line":113,"column":8},"end":{"line":113,"column":null}},"40":{"start":{"line":113,"column":31},"end":{"line":113,"column":null}},"41":{"start":{"line":114,"column":8},"end":{"line":114,"column":null}},"42":{"start":{"line":118,"column":27},"end":{"line":118,"column":60}},"43":{"start":{"line":119,"column":19},"end":{"line":119,"column":48}},"44":{"start":{"line":120,"column":19},"end":{"line":120,"column":48}},"45":{"start":{"line":121,"column":24},"end":{"line":121,"column":26}},"46":{"start":{"line":123,"column":8},"end":{"line":133,"column":null}},"47":{"start":{"line":123,"column":21},"end":{"line":123,"column":32}},"48":{"start":{"line":124,"column":12},"end":{"line":132,"column":null}},"49":{"start":{"line":124,"column":25},"end":{"line":124,"column":36}},"50":{"start":{"line":125,"column":26},"end":{"line":125,"column":51}},"51":{"start":{"line":126,"column":29},"end":{"line":126,"column":45}},"52":{"start":{"line":127,"column":16},"end":{"line":131,"column":null}},"53":{"start":{"line":128,"column":20},"end":{"line":130,"column":null}},"54":{"start":{"line":128,"column":33},"end":{"line":128,"column":34}},"55":{"start":{"line":129,"column":24},"end":{"line":129,"column":null}},"56":{"start":{"line":134,"column":8},"end":{"line":134,"column":null}},"57":{"start":{"line":139,"column":19},"end":{"line":139,"column":48}},"58":{"start":{"line":140,"column":19},"end":{"line":140,"column":48}},"59":{"start":{"line":141,"column":24},"end":{"line":141,"column":26}},"60":{"start":{"line":143,"column":8},"end":{"line":153,"column":null}},"61":{"start":{"line":143,"column":21},"end":{"line":143,"column":23}},"62":{"start":{"line":144,"column":12},"end":{"line":152,"column":null}},"63":{"start":{"line":144,"column":25},"end":{"line":144,"column":27}},"64":{"start":{"line":145,"column":26},"end":{"line":145,"column":51}},"65":{"start":{"line":146,"column":29},"end":{"line":146,"column":45}},"66":{"start":{"line":147,"column":16},"end":{"line":151,"column":null}},"67":{"start":{"line":148,"column":20},"end":{"line":150,"column":null}},"68":{"start":{"line":148,"column":33},"end":{"line":148,"column":34}},"69":{"start":{"line":149,"column":24},"end":{"line":149,"column":null}},"70":{"start":{"line":154,"column":8},"end":{"line":154,"column":null}},"71":{"start":{"line":162,"column":4},"end":{"line":162,"column":null}},"72":{"start":{"line":169,"column":4},"end":{"line":169,"column":null}},"73":{"start":{"line":176,"column":4},"end":{"line":176,"column":null}},"74":{"start":{"line":183,"column":4},"end":{"line":183,"column":null}},"75":{"start":{"line":197,"column":16},"end":{"line":197,"column":23}},"76":{"start":{"line":198,"column":16},"end":{"line":198,"column":23}},"77":{"start":{"line":199,"column":16},"end":{"line":199,"column":23}},"78":{"start":{"line":200,"column":16},"end":{"line":200,"column":23}},"79":{"start":{"line":201,"column":20},"end":{"line":201,"column":41}},"80":{"start":{"line":202,"column":12},"end":{"line":202,"column":13}},"81":{"start":{"line":203,"column":4},"end":{"line":203,"column":null}},"82":{"start":{"line":203,"column":28},"end":{"line":203,"column":null}},"83":{"start":{"line":204,"column":4},"end":{"line":204,"column":null}},"84":{"start":{"line":204,"column":15},"end":{"line":204,"column":null}},"85":{"start":{"line":205,"column":4},"end":{"line":205,"column":null}},"86":{"start":{"line":205,"column":15},"end":{"line":205,"column":null}},"87":{"start":{"line":206,"column":4},"end":{"line":206,"column":null}},"88":{"start":{"line":220,"column":15},"end":{"line":220,"column":80}},"89":{"start":{"line":221,"column":13},"end":{"line":221,"column":32}},"90":{"start":{"line":222,"column":13},"end":{"line":222,"column":32}},"91":{"start":{"line":223,"column":15},"end":{"line":223,"column":33}},"92":{"start":{"line":224,"column":4},"end":{"line":232,"column":null}},"93":{"start":{"line":226,"column":19},"end":{"line":226,"column":26}},"94":{"start":{"line":227,"column":19},"end":{"line":227,"column":26}},"95":{"start":{"line":228,"column":21},"end":{"line":228,"column":44}},"96":{"start":{"line":229,"column":8},"end":{"line":229,"column":null}},"97":{"start":{"line":230,"column":8},"end":{"line":230,"column":null}},"98":{"start":{"line":231,"column":8},"end":{"line":231,"column":null}},"99":{"start":{"line":233,"column":16},"end":{"line":233,"column":19}},"100":{"start":{"line":234,"column":20},"end":{"line":234,"column":46}},"101":{"start":{"line":235,"column":4},"end":{"line":235,"column":null}},"102":{"start":{"line":235,"column":25},"end":{"line":235,"column":null}},"103":{"start":{"line":237,"column":15},"end":{"line":237,"column":24}},"104":{"start":{"line":238,"column":15},"end":{"line":238,"column":24}},"105":{"start":{"line":239,"column":20},"end":{"line":239,"column":34}},"106":{"start":{"line":240,"column":4},"end":{"line":240,"column":null}},"107":{"start":{"line":241,"column":4},"end":{"line":241,"column":null}},"108":{"start":{"line":243,"column":4},"end":{"line":249,"column":null}},"109":{"start":{"line":244,"column":19},"end":{"line":244,"column":56}},"110":{"start":{"line":245,"column":8},"end":{"line":248,"column":null}},"111":{"start":{"line":246,"column":12},"end":{"line":246,"column":null}},"112":{"start":{"line":247,"column":12},"end":{"line":247,"column":null}},"113":{"start":{"line":250,"column":4},"end":{"line":250,"column":null}}},"fnMap":{"0":{"name":"(anonymous_0)","decl":{"start":{"line":10,"column":4},"end":{"line":10,"column":15}},"loc":{"start":{"line":10,"column":30},"end":{"line":13,"column":null}},"line":10},"1":{"name":"(anonymous_1)","decl":{"start":{"line":15,"column":4},"end":{"line":15,"column":7}},"loc":{"start":{"line":15,"column":11},"end":{"line":19,"column":null}},"line":15},"2":{"name":"(anonymous_2)","decl":{"start":{"line":21,"column":4},"end":{"line":21,"column":7}},"loc":{"start":{"line":21,"column":11},"end":{"line":25,"column":null}},"line":21},"3":{"name":"(anonymous_3)","decl":{"start":{"line":27,"column":4},"end":{"line":27,"column":8}},"loc":{"start":{"line":27,"column":12},"end":{"line":31,"column":null}},"line":27},"4":{"name":"(anonymous_4)","decl":{"start":{"line":33,"column":4},"end":{"line":33,"column":7}},"loc":{"start":{"line":33,"column":11},"end":{"line":39,"column":null}},"line":33},"5":{"name":"(anonymous_5)","decl":{"start":{"line":41,"column":4},"end":{"line":41,"column":7}},"loc":{"start":{"line":41,"column":10},"end":{"line":43,"column":null}},"line":41},"6":{"name":"(anonymous_6)","decl":{"start":{"line":45,"column":4},"end":{"line":45,"column":9}},"loc":{"start":{"line":45,"column":12},"end":{"line":47,"column":null}},"line":45},"7":{"name":"(anonymous_7)","decl":{"start":{"line":49,"column":4},"end":{"line":49,"column":13}},"loc":{"start":{"line":49,"column":16},"end":{"line":56,"column":null}},"line":49},"8":{"name":"(anonymous_8)","decl":{"start":{"line":58,"column":4},"end":{"line":58,"column":8}},"loc":{"start":{"line":58,"column":11},"end":{"line":60,"column":null}},"line":58},"9":{"name":"(anonymous_9)","decl":{"start":{"line":62,"column":4},"end":{"line":62,"column":7}},"loc":{"start":{"line":62,"column":14},"end":{"line":66,"column":null}},"line":62},"10":{"name":"(anonymous_10)","decl":{"start":{"line":68,"column":11},"end":{"line":68,"column":15}},"loc":{"start":{"line":68,"column":24},"end":{"line":70,"column":null}},"line":68},"11":{"name":"(anonymous_11)","decl":{"start":{"line":72,"column":11},"end":{"line":72,"column":16}},"loc":{"start":{"line":72,"column":25},"end":{"line":74,"column":null}},"line":72},"12":{"name":"(anonymous_12)","decl":{"start":{"line":80,"column":11},"end":{"line":80,"column":17}},"loc":{"start":{"line":80,"column":26},"end":{"line":84,"column":null}},"line":80},"13":{"name":"(anonymous_13)","decl":{"start":{"line":98,"column":4},"end":{"line":98,"column":15}},"loc":{"start":{"line":98,"column":26},"end":{"line":101,"column":null}},"line":98},"14":{"name":"(anonymous_14)","decl":{"start":{"line":103,"column":4},"end":{"line":103,"column":7}},"loc":{"start":{"line":103,"column":14},"end":{"line":105,"column":null}},"line":103},"15":{"name":"(anonymous_15)","decl":{"start":{"line":107,"column":4},"end":{"line":107,"column":9}},"loc":{"start":{"line":107,"column":12},"end":{"line":109,"column":null}},"line":107},"16":{"name":"(anonymous_16)","decl":{"start":{"line":111,"column":4},"end":{"line":111,"column":10}},"loc":{"start":{"line":111,"column":19},"end":{"line":115,"column":null}},"line":111},"17":{"name":"(anonymous_17)","decl":{"start":{"line":117,"column":4},"end":{"line":117,"column":9}},"loc":{"start":{"line":117,"column":28},"end":{"line":135,"column":null}},"line":117},"18":{"name":"(anonymous_18)","decl":{"start":{"line":137,"column":4},"end":{"line":137,"column":15}},"loc":{"start":{"line":137,"column":22},"end":{"line":155,"column":null}},"line":137},"19":{"name":"clamp","decl":{"start":{"line":161,"column":16},"end":{"line":161,"column":21}},"loc":{"start":{"line":161,"column":39},"end":{"line":163,"column":null}},"line":161},"20":{"name":"lerp","decl":{"start":{"line":168,"column":16},"end":{"line":168,"column":20}},"loc":{"start":{"line":168,"column":30},"end":{"line":170,"column":null}},"line":168},"21":{"name":"randomRange","decl":{"start":{"line":175,"column":16},"end":{"line":175,"column":27}},"loc":{"start":{"line":175,"column":38},"end":{"line":177,"column":null}},"line":175},"22":{"name":"randomInt","decl":{"start":{"line":182,"column":16},"end":{"line":182,"column":25}},"loc":{"start":{"line":182,"column":36},"end":{"line":184,"column":null}},"line":182},"23":{"name":"closestPointOnSegment","decl":{"start":{"line":196,"column":16},"end":{"line":196,"column":37}},"loc":{"start":{"line":196,"column":62},"end":{"line":207,"column":null}},"line":196},"24":{"name":"resolveCircleSegment","decl":{"start":{"line":219,"column":16},"end":{"line":219,"column":36}},"loc":{"start":{"line":219,"column":79},"end":{"line":251,"column":null}},"line":219}},"branchMap":{"0":{"loc":{"start":{"line":10,"column":16},"end":{"line":10,"column":21}},"type":"default-arg","locations":[{"start":{"line":10,"column":20},"end":{"line":10,"column":21}}],"line":10},"1":{"loc":{"start":{"line":10,"column":23},"end":{"line":10,"column":28}},"type":"default-arg","locations":[{"start":{"line":10,"column":27},"end":{"line":10,"column":28}}],"line":10},"2":{"loc":{"start":{"line":34,"column":8},"end":{"line":37,"column":null}},"type":"if","locations":[{"start":{"line":34,"column":8},"end":{"line":37,"column":null}},{"start":{},"end":{}}],"line":34},"3":{"loc":{"start":{"line":51,"column":8},"end":{"line":54,"column":null}},"type":"if","locations":[{"start":{"line":51,"column":8},"end":{"line":54,"column":null}},{"start":{},"end":{}}],"line":51},"4":{"loc":{"start":{"line":113,"column":8},"end":{"line":113,"column":null}},"type":"if","locations":[{"start":{"line":113,"column":8},"end":{"line":113,"column":null}},{"start":{},"end":{}}],"line":113},"5":{"loc":{"start":{"line":117,"column":16},"end":{"line":117,"column":26}},"type":"default-arg","locations":[{"start":{"line":117,"column":25},"end":{"line":117,"column":26}}],"line":117},"6":{"loc":{"start":{"line":127,"column":16},"end":{"line":131,"column":null}},"type":"if","locations":[{"start":{"line":127,"column":16},"end":{"line":131,"column":null}},{"start":{},"end":{}}],"line":127},"7":{"loc":{"start":{"line":147,"column":16},"end":{"line":151,"column":null}},"type":"if","locations":[{"start":{"line":147,"column":16},"end":{"line":151,"column":null}},{"start":{},"end":{}}],"line":147},"8":{"loc":{"start":{"line":203,"column":4},"end":{"line":203,"column":null}},"type":"if","locations":[{"start":{"line":203,"column":4},"end":{"line":203,"column":null}},{"start":{},"end":{}}],"line":203},"9":{"loc":{"start":{"line":204,"column":4},"end":{"line":204,"column":null}},"type":"if","locations":[{"start":{"line":204,"column":4},"end":{"line":204,"column":null}},{"start":{},"end":{}}],"line":204},"10":{"loc":{"start":{"line":205,"column":4},"end":{"line":205,"column":null}},"type":"if","locations":[{"start":{"line":205,"column":4},"end":{"line":205,"column":null}},{"start":{},"end":{}}],"line":205},"11":{"loc":{"start":{"line":219,"column":61},"end":{"line":219,"column":77}},"type":"default-arg","locations":[{"start":{"line":219,"column":74},"end":{"line":219,"column":77}}],"line":219},"12":{"loc":{"start":{"line":224,"column":4},"end":{"line":232,"column":null}},"type":"if","locations":[{"start":{"line":224,"column":4},"end":{"line":232,"column":null}},{"start":{},"end":{}}],"line":224},"13":{"loc":{"start":{"line":228,"column":21},"end":{"line":228,"column":44}},"type":"binary-expr","locations":[{"start":{"line":228,"column":21},"end":{"line":228,"column":39}},{"start":{"line":228,"column":43},"end":{"line":228,"column":44}}],"line":228},"14":{"loc":{"start":{"line":234,"column":21},"end":{"line":234,"column":39}},"type":"binary-expr","locations":[{"start":{"line":234,"column":21},"end":{"line":234,"column":34}},{"start":{"line":234,"column":38},"end":{"line":234,"column":39}}],"line":234},"15":{"loc":{"start":{"line":235,"column":4},"end":{"line":235,"column":null}},"type":"if","locations":[{"start":{"line":235,"column":4},"end":{"line":235,"column":null}},{"start":{},"end":{}}],"line":235},"16":{"loc":{"start":{"line":243,"column":4},"end":{"line":249,"column":null}},"type":"if","locations":[{"start":{"line":243,"column":4},"end":{"line":249,"column":null}},{"start":{},"end":{}}],"line":243},"17":{"loc":{"start":{"line":245,"column":8},"end":{"line":248,"column":null}},"type":"if","locations":[{"start":{"line":245,"column":8},"end":{"line":248,"column":null}},{"start":{},"end":{}}],"line":245}},"s":{"0":235,"1":235,"2":2,"3":2,"4":2,"5":1,"6":1,"7":1,"8":3,"9":3,"10":3,"11":2,"12":1,"13":1,"14":2,"15":8,"16":2,"17":3,"18":3,"19":2,"20":2,"21":3,"22":1,"23":497,"24":497,"25":497,"26":1,"27":3,"28":1,"29":1,"30":1,"31":5,"32":5,"33":5,"34":10,"35":10,"36":11,"37":85,"38":6,"39":6,"40":6,"41":6,"42":2,"43":2,"44":2,"45":2,"46":2,"47":2,"48":6,"49":6,"50":18,"51":18,"52":18,"53":3,"54":3,"55":3,"56":2,"57":1,"58":1,"59":1,"60":1,"61":1,"62":3,"63":3,"64":9,"65":9,"66":9,"67":1,"68":1,"69":1,"70":1,"71":4,"72":5,"73":150,"74":101,"75":4,"76":4,"77":4,"78":4,"79":4,"80":4,"81":4,"82":4,"83":4,"84":0,"85":4,"86":1,"87":4,"88":0,"89":0,"90":0,"91":0,"92":0,"93":0,"94":0,"95":0,"96":0,"97":0,"98":0,"99":0,"100":0,"101":0,"102":0,"103":0,"104":0,"105":0,"106":0,"107":0,"108":0,"109":0,"110":0,"111":0,"112":0,"113":0},"f":{"0":235,"1":2,"2":1,"3":3,"4":2,"5":8,"6":2,"7":3,"8":1,"9":497,"10":5,"11":5,"12":5,"13":10,"14":11,"15":85,"16":6,"17":2,"18":1,"19":4,"20":5,"21":150,"22":101,"23":4,"24":0},"b":{"0":[235],"1":[235],"2":[1,1],"3":[2,1],"4":[6,0],"5":[2],"6":[3,15],"7":[1,8],"8":[4,0],"9":[0,4],"10":[1,3],"11":[0],"12":[0,0],"13":[0,0],"14":[0,0],"15":[0,0],"16":[0,0],"17":[0,0]},"meta":{"lastBranch":18,"lastFunction":25,"lastStatement":114,"seen":{"f:10:4:10:15":0,"b:10:20:10:21":0,"b:10:27:10:28":1,"s:11:8:11:Infinity":0,"s:12:8:12:Infinity":1,"f:15:4:15:7":1,"s:16:8:16:Infinity":2,"s:17:8:17:Infinity":3,"s:18:8:18:Infinity":4,"f:21:4:21:7":2,"s:22:8:22:Infinity":5,"s:23:8:23:Infinity":6,"s:24:8:24:Infinity":7,"f:27:4:27:8":3,"s:28:8:28:Infinity":8,"s:29:8:29:Infinity":9,"s:30:8:30:Infinity":10,"f:33:4:33:7":4,"b:34:8:37:Infinity:undefined:undefined:undefined:undefined":2,"s:34:8:37:Infinity":11,"s:35:12:35:Infinity":12,"s:36:12:36:Infinity":13,"s:38:8:38:Infinity":14,"f:41:4:41:7":5,"s:42:8:42:Infinity":15,"f:45:4:45:9":6,"s:46:8:46:Infinity":16,"f:49:4:49:13":7,"s:50:18:50:28":17,"b:51:8:54:Infinity:undefined:undefined:undefined:undefined":3,"s:51:8:54:Infinity":18,"s:52:12:52:Infinity":19,"s:53:12:53:Infinity":20,"s:55:8:55:Infinity":21,"f:58:4:58:8":8,"s:59:8:59:Infinity":22,"f:62:4:62:7":9,"s:63:8:63:Infinity":23,"s:64:8:64:Infinity":24,"s:65:8:65:Infinity":25,"f:68:11:68:15":10,"s:69:8:69:Infinity":26,"f:72:11:72:16":11,"s:73:8:73:Infinity":27,"f:80:11:80:17":12,"s:81:19:81:30":28,"s:82:19:82:30":29,"s:83:8:83:Infinity":30,"s:89:25:89:37":31,"s:90:25:90:37":32,"s:91:25:91:37":33,"f:98:4:98:15":13,"s:99:8:99:Infinity":34,"s:100:8:100:Infinity":35,"f:103:4:103:7":14,"s:104:8:104:Infinity":36,"f:107:4:107:9":15,"s:108:8:108:Infinity":37,"f:111:4:111:10":16,"s:112:18:112:54":38,"b:113:8:113:Infinity:undefined:undefined:undefined:undefined":4,"s:113:8:113:Infinity":39,"s:113:31:113:Infinity":40,"s:114:8:114:Infinity":41,"f:117:4:117:9":17,"b:117:25:117:26":5,"s:118:27:118:60":42,"s:119:19:119:48":43,"s:120:19:120:48":44,"s:121:24:121:26":45,"s:123:8:133:Infinity":46,"s:123:21:123:32":47,"s:124:12:132:Infinity":48,"s:124:25:124:36":49,"s:125:26:125:51":50,"s:126:29:126:45":51,"b:127:16:131:Infinity:undefined:undefined:undefined:undefined":6,"s:127:16:131:Infinity":52,"s:128:20:130:Infinity":53,"s:128:33:128:34":54,"s:129:24:129:Infinity":55,"s:134:8:134:Infinity":56,"f:137:4:137:15":18,"s:139:19:139:48":57,"s:140:19:140:48":58,"s:141:24:141:26":59,"s:143:8:153:Infinity":60,"s:143:21:143:23":61,"s:144:12:152:Infinity":62,"s:144:25:144:27":63,"s:145:26:145:51":64,"s:146:29:146:45":65,"b:147:16:151:Infinity:undefined:undefined:undefined:undefined":7,"s:147:16:151:Infinity":66,"s:148:20:150:Infinity":67,"s:148:33:148:34":68,"s:149:24:149:Infinity":69,"s:154:8:154:Infinity":70,"f:161:16:161:21":19,"s:162:4:162:Infinity":71,"f:168:16:168:20":20,"s:169:4:169:Infinity":72,"f:175:16:175:27":21,"s:176:4:176:Infinity":73,"f:182:16:182:25":22,"s:183:4:183:Infinity":74,"f:196:16:196:37":23,"s:197:16:197:23":75,"s:198:16:198:23":76,"s:199:16:199:23":77,"s:200:16:200:23":78,"s:201:20:201:41":79,"s:202:12:202:13":80,"b:203:4:203:Infinity:undefined:undefined:undefined:undefined":8,"s:203:4:203:Infinity":81,"s:203:28:203:Infinity":82,"b:204:4:204:Infinity:undefined:undefined:undefined:undefined":9,"s:204:4:204:Infinity":83,"s:204:15:204:Infinity":84,"b:205:4:205:Infinity:undefined:undefined:undefined:undefined":10,"s:205:4:205:Infinity":85,"s:205:15:205:Infinity":86,"s:206:4:206:Infinity":87,"f:219:16:219:36":24,"b:219:74:219:77":11,"s:220:15:220:80":88,"s:221:13:221:32":89,"s:222:13:222:32":90,"s:223:15:223:33":91,"b:224:4:232:Infinity:undefined:undefined:undefined:undefined":12,"s:224:4:232:Infinity":92,"s:226:19:226:26":93,"s:227:19:227:26":94,"s:228:21:228:44":95,"b:228:21:228:39:228:43:228:44":13,"s:229:8:229:Infinity":96,"s:230:8:230:Infinity":97,"s:231:8:231:Infinity":98,"s:233:16:233:19":99,"s:234:20:234:46":100,"b:234:21:234:34:234:38:234:39":14,"b:235:4:235:Infinity:undefined:undefined:undefined:undefined":15,"s:235:4:235:Infinity":101,"s:235:25:235:Infinity":102,"s:237:15:237:24":103,"s:238:15:238:24":104,"s:239:20:239:34":105,"s:240:4:240:Infinity":106,"s:241:4:241:Infinity":107,"b:243:4:249:Infinity:undefined:undefined:undefined:undefined":16,"s:243:4:249:Infinity":108,"s:244:19:244:56":109,"b:245:8:248:Infinity:undefined:undefined:undefined:undefined":17,"s:245:8:248:Infinity":110,"s:246:12:246:Infinity":111,"s:247:12:247:Infinity":112,"s:250:4:250:Infinity":113}}}
,"/home/fkupis/github/Spacebros1/src/js/core/staggered-cleanup.js": {"path":"/home/fkupis/github/Spacebros1/src/js/core/staggered-cleanup.js","statementMap":{"0":{"start":{"line":9,"column":8},"end":{"line":9,"column":null}},"1":{"start":{"line":10,"column":8},"end":{"line":10,"column":37}},"2":{"start":{"line":11,"column":8},"end":{"line":11,"column":null}},"3":{"start":{"line":12,"column":8},"end":{"line":12,"column":null}},"4":{"start":{"line":22,"column":8},"end":{"line":22,"column":null}},"5":{"start":{"line":22,"column":59},"end":{"line":22,"column":null}},"6":{"start":{"line":24,"column":8},"end":{"line":29,"column":null}},"7":{"start":{"line":31,"column":8},"end":{"line":31,"column":null}},"8":{"start":{"line":36,"column":26},"end":{"line":36,"column":72}},"9":{"start":{"line":36,"column":47},"end":{"line":36,"column":64}},"10":{"start":{"line":37,"column":27},"end":{"line":37,"column":39}},"11":{"start":{"line":38,"column":22},"end":{"line":38,"column":44}},"12":{"start":{"line":41,"column":8},"end":{"line":41,"column":null}},"13":{"start":{"line":45,"column":8},"end":{"line":45,"column":null}},"14":{"start":{"line":45,"column":61},"end":{"line":45,"column":null}},"15":{"start":{"line":48,"column":26},"end":{"line":48,"column":28}},"16":{"start":{"line":49,"column":8},"end":{"line":61,"column":null}},"17":{"start":{"line":49,"column":21},"end":{"line":49,"column":22}},"18":{"start":{"line":50,"column":25},"end":{"line":50,"column":45}},"19":{"start":{"line":51,"column":12},"end":{"line":60,"column":null}},"20":{"start":{"line":52,"column":32},"end":{"line":52,"column":77}},"21":{"start":{"line":53,"column":16},"end":{"line":56,"column":null}},"22":{"start":{"line":55,"column":20},"end":{"line":55,"column":null}},"23":{"start":{"line":59,"column":16},"end":{"line":59,"column":null}},"24":{"start":{"line":64,"column":8},"end":{"line":66,"column":null}},"25":{"start":{"line":64,"column":21},"end":{"line":64,"column":41}},"26":{"start":{"line":65,"column":12},"end":{"line":65,"column":null}},"27":{"start":{"line":68,"column":8},"end":{"line":68,"column":null}},"28":{"start":{"line":72,"column":23},"end":{"line":72,"column":24}},"29":{"start":{"line":73,"column":20},"end":{"line":73,"column":32}},"30":{"start":{"line":74,"column":27},"end":{"line":74,"column":28}},"31":{"start":{"line":76,"column":8},"end":{"line":92,"column":null}},"32":{"start":{"line":76,"column":21},"end":{"line":76,"column":22}},"33":{"start":{"line":77,"column":25},"end":{"line":77,"column":33}},"34":{"start":{"line":78,"column":12},"end":{"line":78,"column":null}},"35":{"start":{"line":78,"column":23},"end":{"line":78,"column":null}},"36":{"start":{"line":80,"column":12},"end":{"line":91,"column":null}},"37":{"start":{"line":81,"column":16},"end":{"line":81,"column":null}},"38":{"start":{"line":82,"column":16},"end":{"line":88,"column":null}},"39":{"start":{"line":83,"column":20},"end":{"line":87,"column":null}},"40":{"start":{"line":84,"column":24},"end":{"line":84,"column":null}},"41":{"start":{"line":86,"column":24},"end":{"line":86,"column":null}},"42":{"start":{"line":90,"column":16},"end":{"line":90,"column":null}},"43":{"start":{"line":94,"column":8},"end":{"line":96,"column":null}},"44":{"start":{"line":95,"column":12},"end":{"line":95,"column":null}},"45":{"start":{"line":98,"column":8},"end":{"line":98,"column":null}},"46":{"start":{"line":103,"column":22},"end":{"line":103,"column":46}},"47":{"start":{"line":104,"column":8},"end":{"line":109,"column":null}},"48":{"start":{"line":104,"column":21},"end":{"line":104,"column":22}},"49":{"start":{"line":105,"column":25},"end":{"line":105,"column":45}},"50":{"start":{"line":106,"column":12},"end":{"line":108,"column":null}},"51":{"start":{"line":107,"column":16},"end":{"line":107,"column":null}},"52":{"start":{"line":110,"column":8},"end":{"line":110,"column":null}},"53":{"start":{"line":114,"column":8},"end":{"line":114,"column":null}},"54":{"start":{"line":119,"column":38},"end":{"line":119,"column":60}},"55":{"start":{"line":123,"column":4},"end":{"line":123,"column":null}},"56":{"start":{"line":123,"column":38},"end":{"line":123,"column":null}},"57":{"start":{"line":126,"column":4},"end":{"line":128,"column":null}},"58":{"start":{"line":127,"column":8},"end":{"line":127,"column":null}},"59":{"start":{"line":131,"column":4},"end":{"line":131,"column":null}},"60":{"start":{"line":136,"column":19},"end":{"line":136,"column":20}},"61":{"start":{"line":137,"column":16},"end":{"line":137,"column":28}},"62":{"start":{"line":138,"column":23},"end":{"line":138,"column":24}},"63":{"start":{"line":140,"column":4},"end":{"line":156,"column":null}},"64":{"start":{"line":140,"column":17},"end":{"line":140,"column":18}},"65":{"start":{"line":141,"column":21},"end":{"line":141,"column":29}},"66":{"start":{"line":142,"column":8},"end":{"line":142,"column":null}},"67":{"start":{"line":142,"column":19},"end":{"line":142,"column":null}},"68":{"start":{"line":144,"column":8},"end":{"line":155,"column":null}},"69":{"start":{"line":145,"column":12},"end":{"line":145,"column":null}},"70":{"start":{"line":146,"column":12},"end":{"line":152,"column":null}},"71":{"start":{"line":147,"column":16},"end":{"line":151,"column":null}},"72":{"start":{"line":148,"column":20},"end":{"line":148,"column":null}},"73":{"start":{"line":150,"column":20},"end":{"line":150,"column":null}},"74":{"start":{"line":154,"column":12},"end":{"line":154,"column":null}},"75":{"start":{"line":158,"column":4},"end":{"line":160,"column":null}},"76":{"start":{"line":159,"column":8},"end":{"line":159,"column":null}},"77":{"start":{"line":162,"column":4},"end":{"line":162,"column":null}}},"fnMap":{"0":{"name":"(anonymous_0)","decl":{"start":{"line":8,"column":4},"end":{"line":8,"column":15}},"loc":{"start":{"line":8,"column":18},"end":{"line":13,"column":null}},"line":8},"1":{"name":"(anonymous_1)","decl":{"start":{"line":21,"column":4},"end":{"line":21,"column":12}},"loc":{"start":{"line":21,"column":44},"end":{"line":32,"column":null}},"line":21},"2":{"name":"(anonymous_2)","decl":{"start":{"line":34,"column":4},"end":{"line":34,"column":21}},"loc":{"start":{"line":34,"column":29},"end":{"line":42,"column":null}},"line":34},"3":{"name":"(anonymous_3)","decl":{"start":{"line":36,"column":39},"end":{"line":36,"column":43}},"loc":{"start":{"line":36,"column":47},"end":{"line":36,"column":64}},"line":36},"4":{"name":"(anonymous_4)","decl":{"start":{"line":44,"column":4},"end":{"line":44,"column":11}},"loc":{"start":{"line":44,"column":14},"end":{"line":69,"column":null}},"line":44},"5":{"name":"(anonymous_5)","decl":{"start":{"line":71,"column":4},"end":{"line":71,"column":16}},"loc":{"start":{"line":71,"column":35},"end":{"line":99,"column":null}},"line":71},"6":{"name":"(anonymous_6)","decl":{"start":{"line":101,"column":4},"end":{"line":101,"column":19}},"loc":{"start":{"line":101,"column":22},"end":{"line":111,"column":null}},"line":101},"7":{"name":"(anonymous_7)","decl":{"start":{"line":113,"column":4},"end":{"line":113,"column":16}},"loc":{"start":{"line":113,"column":19},"end":{"line":115,"column":null}},"line":113},"8":{"name":"staggeredCompactArray","decl":{"start":{"line":122,"column":16},"end":{"line":122,"column":37}},"loc":{"start":{"line":122,"column":63},"end":{"line":132,"column":null}},"line":122},"9":{"name":"immediateCompactArray","decl":{"start":{"line":135,"column":16},"end":{"line":135,"column":37}},"loc":{"start":{"line":135,"column":63},"end":{"line":163,"column":null}},"line":135}},"branchMap":{"0":{"loc":{"start":{"line":21,"column":26},"end":{"line":21,"column":42}},"type":"default-arg","locations":[{"start":{"line":21,"column":38},"end":{"line":21,"column":42}}],"line":21},"1":{"loc":{"start":{"line":22,"column":8},"end":{"line":22,"column":null}},"type":"if","locations":[{"start":{"line":22,"column":8},"end":{"line":22,"column":null}},{"start":{},"end":{}}],"line":22},"2":{"loc":{"start":{"line":22,"column":12},"end":{"line":22,"column":57}},"type":"binary-expr","locations":[{"start":{"line":22,"column":12},"end":{"line":22,"column":25}},{"start":{"line":22,"column":29},"end":{"line":22,"column":35}},{"start":{"line":22,"column":39},"end":{"line":22,"column":57}}],"line":22},"3":{"loc":{"start":{"line":36,"column":47},"end":{"line":36,"column":64}},"type":"binary-expr","locations":[{"start":{"line":36,"column":47},"end":{"line":36,"column":51}},{"start":{"line":36,"column":55},"end":{"line":36,"column":64}}],"line":36},"4":{"loc":{"start":{"line":45,"column":8},"end":{"line":45,"column":null}},"type":"if","locations":[{"start":{"line":45,"column":8},"end":{"line":45,"column":null}},{"start":{},"end":{}}],"line":45},"5":{"loc":{"start":{"line":45,"column":12},"end":{"line":45,"column":59}},"type":"binary-expr","locations":[{"start":{"line":45,"column":12},"end":{"line":45,"column":25}},{"start":{"line":45,"column":29},"end":{"line":45,"column":59}}],"line":45},"6":{"loc":{"start":{"line":51,"column":12},"end":{"line":60,"column":null}},"type":"if","locations":[{"start":{"line":51,"column":12},"end":{"line":60,"column":null}},{"start":{"line":57,"column":19},"end":{"line":60,"column":null}}],"line":51},"7":{"loc":{"start":{"line":51,"column":16},"end":{"line":51,"column":34}},"type":"binary-expr","locations":[{"start":{"line":51,"column":16},"end":{"line":51,"column":20}},{"start":{"line":51,"column":24},"end":{"line":51,"column":34}}],"line":51},"8":{"loc":{"start":{"line":53,"column":16},"end":{"line":56,"column":null}},"type":"if","locations":[{"start":{"line":53,"column":16},"end":{"line":56,"column":null}},{"start":{},"end":{}}],"line":53},"9":{"loc":{"start":{"line":78,"column":12},"end":{"line":78,"column":null}},"type":"if","locations":[{"start":{"line":78,"column":12},"end":{"line":78,"column":null}},{"start":{},"end":{}}],"line":78},"10":{"loc":{"start":{"line":80,"column":12},"end":{"line":91,"column":null}},"type":"if","locations":[{"start":{"line":80,"column":12},"end":{"line":91,"column":null}},{"start":{"line":89,"column":19},"end":{"line":91,"column":null}}],"line":80},"11":{"loc":{"start":{"line":82,"column":16},"end":{"line":88,"column":null}},"type":"if","locations":[{"start":{"line":82,"column":16},"end":{"line":88,"column":null}},{"start":{},"end":{}}],"line":82},"12":{"loc":{"start":{"line":82,"column":20},"end":{"line":82,"column":64}},"type":"binary-expr","locations":[{"start":{"line":82,"column":20},"end":{"line":82,"column":29}},{"start":{"line":82,"column":33},"end":{"line":82,"column":64}}],"line":82},"13":{"loc":{"start":{"line":94,"column":8},"end":{"line":96,"column":null}},"type":"if","locations":[{"start":{"line":94,"column":8},"end":{"line":96,"column":null}},{"start":{},"end":{}}],"line":94},"14":{"loc":{"start":{"line":106,"column":12},"end":{"line":108,"column":null}},"type":"if","locations":[{"start":{"line":106,"column":12},"end":{"line":108,"column":null}},{"start":{},"end":{}}],"line":106},"15":{"loc":{"start":{"line":106,"column":16},"end":{"line":106,"column":34}},"type":"binary-expr","locations":[{"start":{"line":106,"column":16},"end":{"line":106,"column":20}},{"start":{"line":106,"column":24},"end":{"line":106,"column":34}}],"line":106},"16":{"loc":{"start":{"line":122,"column":45},"end":{"line":122,"column":61}},"type":"default-arg","locations":[{"start":{"line":122,"column":57},"end":{"line":122,"column":61}}],"line":122},"17":{"loc":{"start":{"line":123,"column":4},"end":{"line":123,"column":null}},"type":"if","locations":[{"start":{"line":123,"column":4},"end":{"line":123,"column":null}},{"start":{},"end":{}}],"line":123},"18":{"loc":{"start":{"line":123,"column":8},"end":{"line":123,"column":36}},"type":"binary-expr","locations":[{"start":{"line":123,"column":8},"end":{"line":123,"column":14}},{"start":{"line":123,"column":18},"end":{"line":123,"column":36}}],"line":123},"19":{"loc":{"start":{"line":126,"column":4},"end":{"line":128,"column":null}},"type":"if","locations":[{"start":{"line":126,"column":4},"end":{"line":128,"column":null}},{"start":{},"end":{}}],"line":126},"20":{"loc":{"start":{"line":131,"column":11},"end":{"line":131,"column":115}},"type":"cond-expr","locations":[{"start":{"line":131,"column":72},"end":{"line":131,"column":73}},{"start":{"line":131,"column":76},"end":{"line":131,"column":115}}],"line":131},"21":{"loc":{"start":{"line":135,"column":45},"end":{"line":135,"column":61}},"type":"default-arg","locations":[{"start":{"line":135,"column":57},"end":{"line":135,"column":61}}],"line":135},"22":{"loc":{"start":{"line":142,"column":8},"end":{"line":142,"column":null}},"type":"if","locations":[{"start":{"line":142,"column":8},"end":{"line":142,"column":null}},{"start":{},"end":{}}],"line":142},"23":{"loc":{"start":{"line":144,"column":8},"end":{"line":155,"column":null}},"type":"if","locations":[{"start":{"line":144,"column":8},"end":{"line":155,"column":null}},{"start":{"line":153,"column":15},"end":{"line":155,"column":null}}],"line":144},"24":{"loc":{"start":{"line":146,"column":12},"end":{"line":152,"column":null}},"type":"if","locations":[{"start":{"line":146,"column":12},"end":{"line":152,"column":null}},{"start":{},"end":{}}],"line":146},"25":{"loc":{"start":{"line":146,"column":16},"end":{"line":146,"column":60}},"type":"binary-expr","locations":[{"start":{"line":146,"column":16},"end":{"line":146,"column":25}},{"start":{"line":146,"column":29},"end":{"line":146,"column":60}}],"line":146},"26":{"loc":{"start":{"line":158,"column":4},"end":{"line":160,"column":null}},"type":"if","locations":[{"start":{"line":158,"column":4},"end":{"line":160,"column":null}},{"start":{},"end":{}}],"line":158}},"s":{"0":27,"1":27,"2":27,"3":27,"4":29,"5":4,"6":25,"7":25,"8":31,"9":263,"10":31,"11":31,"12":31,"13":7,"14":2,"15":5,"16":5,"17":5,"18":7,"19":7,"20":7,"21":7,"22":7,"23":0,"24":5,"25":5,"26":7,"27":5,"28":12,"29":12,"30":12,"31":12,"32":12,"33":20,"34":20,"35":0,"36":20,"37":15,"38":15,"39":2,"40":2,"41":1,"42":5,"43":12,"44":12,"45":12,"46":2,"47":2,"48":2,"49":5,"50":5,"51":5,"52":2,"53":2,"54":1,"55":8,"56":2,"57":6,"58":3,"59":3,"60":9,"61":9,"62":9,"63":9,"64":9,"65":79,"66":79,"67":0,"68":79,"69":66,"70":66,"71":5,"72":5,"73":1,"74":13,"75":9,"76":8,"77":9},"f":{"0":27,"1":29,"2":31,"3":263,"4":7,"5":12,"6":2,"7":2,"8":8,"9":9},"b":{"0":[29],"1":[4,25],"2":[29,27,26],"3":[263,263],"4":[2,5],"5":[7,6],"6":[7,0],"7":[7,7],"8":[7,0],"9":[0,20],"10":[15,5],"11":[2,13],"12":[15,2],"13":[12,0],"14":[5,0],"15":[5,5],"16":[8],"17":[2,6],"18":[8,7],"19":[3,3],"20":[3,0],"21":[9],"22":[0,79],"23":[66,13],"24":[5,61],"25":[66,5],"26":[8,1]},"meta":{"lastBranch":27,"lastFunction":10,"lastStatement":78,"seen":{"f:8:4:8:15":0,"s:9:8:9:Infinity":0,"s:10:8:10:37":1,"s:11:8:11:Infinity":2,"s:12:8:12:Infinity":3,"f:21:4:21:12":1,"b:21:38:21:42":0,"b:22:8:22:Infinity:undefined:undefined:undefined:undefined":1,"s:22:8:22:Infinity":4,"b:22:12:22:25:22:29:22:35:22:39:22:57":2,"s:22:59:22:Infinity":5,"s:24:8:29:Infinity":6,"s:31:8:31:Infinity":7,"f:34:4:34:21":2,"s:36:26:36:72":8,"f:36:39:36:43":3,"s:36:47:36:64":9,"b:36:47:36:51:36:55:36:64":3,"s:37:27:37:39":10,"s:38:22:38:44":11,"s:41:8:41:Infinity":12,"f:44:4:44:11":4,"b:45:8:45:Infinity:undefined:undefined:undefined:undefined":4,"s:45:8:45:Infinity":13,"b:45:12:45:25:45:29:45:59":5,"s:45:61:45:Infinity":14,"s:48:26:48:28":15,"s:49:8:61:Infinity":16,"s:49:21:49:22":17,"s:50:25:50:45":18,"b:51:12:60:Infinity:57:19:60:Infinity":6,"s:51:12:60:Infinity":19,"b:51:16:51:20:51:24:51:34":7,"s:52:32:52:77":20,"b:53:16:56:Infinity:undefined:undefined:undefined:undefined":8,"s:53:16:56:Infinity":21,"s:55:20:55:Infinity":22,"s:59:16:59:Infinity":23,"s:64:8:66:Infinity":24,"s:64:21:64:41":25,"s:65:12:65:Infinity":26,"s:68:8:68:Infinity":27,"f:71:4:71:16":5,"s:72:23:72:24":28,"s:73:20:73:32":29,"s:74:27:74:28":30,"s:76:8:92:Infinity":31,"s:76:21:76:22":32,"s:77:25:77:33":33,"b:78:12:78:Infinity:undefined:undefined:undefined:undefined":9,"s:78:12:78:Infinity":34,"s:78:23:78:Infinity":35,"b:80:12:91:Infinity:89:19:91:Infinity":10,"s:80:12:91:Infinity":36,"s:81:16:81:Infinity":37,"b:82:16:88:Infinity:undefined:undefined:undefined:undefined":11,"s:82:16:88:Infinity":38,"b:82:20:82:29:82:33:82:64":12,"s:83:20:87:Infinity":39,"s:84:24:84:Infinity":40,"s:86:24:86:Infinity":41,"s:90:16:90:Infinity":42,"b:94:8:96:Infinity:undefined:undefined:undefined:undefined":13,"s:94:8:96:Infinity":43,"s:95:12:95:Infinity":44,"s:98:8:98:Infinity":45,"f:101:4:101:19":6,"s:103:22:103:46":46,"s:104:8:109:Infinity":47,"s:104:21:104:22":48,"s:105:25:105:45":49,"b:106:12:108:Infinity:undefined:undefined:undefined:undefined":14,"s:106:12:108:Infinity":50,"b:106:16:106:20:106:24:106:34":15,"s:107:16:107:Infinity":51,"s:110:8:110:Infinity":52,"f:113:4:113:16":7,"s:114:8:114:Infinity":53,"s:119:38:119:60":54,"f:122:16:122:37":8,"b:122:57:122:61":16,"b:123:4:123:Infinity:undefined:undefined:undefined:undefined":17,"s:123:4:123:Infinity":55,"b:123:8:123:14:123:18:123:36":18,"s:123:38:123:Infinity":56,"b:126:4:128:Infinity:undefined:undefined:undefined:undefined":19,"s:126:4:128:Infinity":57,"s:127:8:127:Infinity":58,"s:131:4:131:Infinity":59,"b:131:72:131:73:131:76:131:115":20,"f:135:16:135:37":9,"b:135:57:135:61":21,"s:136:19:136:20":60,"s:137:16:137:28":61,"s:138:23:138:24":62,"s:140:4:156:Infinity":63,"s:140:17:140:18":64,"s:141:21:141:29":65,"b:142:8:142:Infinity:undefined:undefined:undefined:undefined":22,"s:142:8:142:Infinity":66,"s:142:19:142:Infinity":67,"b:144:8:155:Infinity:153:15:155:Infinity":23,"s:144:8:155:Infinity":68,"s:145:12:145:Infinity":69,"b:146:12:152:Infinity:undefined:undefined:undefined:undefined":24,"s:146:12:152:Infinity":70,"b:146:16:146:25:146:29:146:60":25,"s:147:16:151:Infinity":71,"s:148:20:148:Infinity":72,"s:150:20:150:Infinity":73,"s:154:12:154:Infinity":74,"b:158:4:160:Infinity:undefined:undefined:undefined:undefined":26,"s:158:4:160:Infinity":75,"s:159:8:159:Infinity":76,"s:162:4:162:Infinity":77}}}
,"/home/fkupis/github/Spacebros1/src/js/entities/Entity.js": {"path":"/home/fkupis/github/Spacebros1/src/js/entities/Entity.js","statementMap":{"0":{"start":{"line":15,"column":8},"end":{"line":15,"column":null}},"1":{"start":{"line":16,"column":8},"end":{"line":16,"column":null}},"2":{"start":{"line":17,"column":8},"end":{"line":17,"column":null}},"3":{"start":{"line":18,"column":8},"end":{"line":18,"column":null}},"4":{"start":{"line":19,"column":8},"end":{"line":19,"column":null}},"5":{"start":{"line":22,"column":8},"end":{"line":22,"column":null}},"6":{"start":{"line":31,"column":8},"end":{"line":31,"column":null}},"7":{"start":{"line":32,"column":8},"end":{"line":32,"column":null}},"8":{"start":{"line":35,"column":22},"end":{"line":35,"column":39}},"9":{"start":{"line":37,"column":8},"end":{"line":37,"column":null}},"10":{"start":{"line":38,"column":8},"end":{"line":38,"column":null}},"11":{"start":{"line":49,"column":8},"end":{"line":49,"column":null}},"12":{"start":{"line":49,"column":24},"end":{"line":49,"column":null}},"13":{"start":{"line":50,"column":8},"end":{"line":50,"column":null}},"14":{"start":{"line":50,"column":24},"end":{"line":50,"column":null}},"15":{"start":{"line":51,"column":8},"end":{"line":54,"column":null}},"16":{"start":{"line":71,"column":8},"end":{"line":71,"column":null}},"17":{"start":{"line":71,"column":20},"end":{"line":71,"column":null}},"18":{"start":{"line":72,"column":19},"end":{"line":72,"column":43}},"19":{"start":{"line":73,"column":19},"end":{"line":73,"column":43}},"20":{"start":{"line":74,"column":21},"end":{"line":74,"column":49}},"21":{"start":{"line":75,"column":8},"end":{"line":75,"column":null}},"22":{"start":{"line":84,"column":19},"end":{"line":84,"column":43}},"23":{"start":{"line":85,"column":19},"end":{"line":85,"column":43}},"24":{"start":{"line":86,"column":8},"end":{"line":86,"column":null}},"25":{"start":{"line":95,"column":8},"end":{"line":95,"column":null}},"26":{"start":{"line":104,"column":8},"end":{"line":104,"column":null}},"27":{"start":{"line":111,"column":8},"end":{"line":111,"column":null}},"28":{"start":{"line":124,"column":22},"end":{"line":124,"column":44}},"29":{"start":{"line":125,"column":22},"end":{"line":125,"column":45}},"30":{"start":{"line":126,"column":8},"end":{"line":131,"column":null}}},"fnMap":{"0":{"name":"(anonymous_0)","decl":{"start":{"line":14,"column":4},"end":{"line":14,"column":15}},"loc":{"start":{"line":14,"column":22},"end":{"line":23,"column":null}},"line":14},"1":{"name":"(anonymous_1)","decl":{"start":{"line":29,"column":4},"end":{"line":29,"column":10}},"loc":{"start":{"line":29,"column":36},"end":{"line":39,"column":null}},"line":29},"2":{"name":"(anonymous_2)","decl":{"start":{"line":46,"column":4},"end":{"line":46,"column":16}},"loc":{"start":{"line":46,"column":24},"end":{"line":55,"column":null}},"line":46},"3":{"name":"(anonymous_3)","decl":{"start":{"line":61,"column":4},"end":{"line":61,"column":8}},"loc":{"start":{"line":61,"column":14},"end":{"line":63,"column":null}},"line":61},"4":{"name":"(anonymous_4)","decl":{"start":{"line":70,"column":4},"end":{"line":70,"column":16}},"loc":{"start":{"line":70,"column":24},"end":{"line":76,"column":null}},"line":70},"5":{"name":"(anonymous_5)","decl":{"start":{"line":83,"column":4},"end":{"line":83,"column":12}},"loc":{"start":{"line":83,"column":20},"end":{"line":87,"column":null}},"line":83},"6":{"name":"(anonymous_6)","decl":{"start":{"line":94,"column":4},"end":{"line":94,"column":10}},"loc":{"start":{"line":94,"column":18},"end":{"line":96,"column":null}},"line":94},"7":{"name":"(anonymous_7)","decl":{"start":{"line":103,"column":4},"end":{"line":103,"column":11}},"loc":{"start":{"line":103,"column":19},"end":{"line":105,"column":null}},"line":103},"8":{"name":"(anonymous_8)","decl":{"start":{"line":110,"column":4},"end":{"line":110,"column":8}},"loc":{"start":{"line":110,"column":11},"end":{"line":112,"column":null}},"line":110},"9":{"name":"(anonymous_9)","decl":{"start":{"line":123,"column":4},"end":{"line":123,"column":12}},"loc":{"start":{"line":123,"column":62},"end":{"line":132,"column":null}},"line":123}},"branchMap":{"0":{"loc":{"start":{"line":29,"column":11},"end":{"line":29,"column":34}},"type":"default-arg","locations":[{"start":{"line":29,"column":23},"end":{"line":29,"column":34}}],"line":29},"1":{"loc":{"start":{"line":49,"column":8},"end":{"line":49,"column":null}},"type":"if","locations":[{"start":{"line":49,"column":8},"end":{"line":49,"column":null}},{"start":{},"end":{}}],"line":49},"2":{"loc":{"start":{"line":50,"column":8},"end":{"line":50,"column":null}},"type":"if","locations":[{"start":{"line":50,"column":8},"end":{"line":50,"column":null}},{"start":{},"end":{}}],"line":50},"3":{"loc":{"start":{"line":71,"column":8},"end":{"line":71,"column":null}},"type":"if","locations":[{"start":{"line":71,"column":8},"end":{"line":71,"column":null}},{"start":{},"end":{}}],"line":71},"4":{"loc":{"start":{"line":123,"column":48},"end":{"line":123,"column":60}},"type":"default-arg","locations":[{"start":{"line":123,"column":57},"end":{"line":123,"column":60}}],"line":123},"5":{"loc":{"start":{"line":127,"column":12},"end":{"line":130,"column":null}},"type":"binary-expr","locations":[{"start":{"line":127,"column":12},"end":{"line":127,"column":37}},{"start":{"line":128,"column":12},"end":{"line":128,"column":37}},{"start":{"line":129,"column":12},"end":{"line":129,"column":37}},{"start":{"line":130,"column":12},"end":{"line":130,"column":null}}],"line":127}},"s":{"0":59,"1":59,"2":59,"3":59,"4":59,"5":59,"6":7,"7":7,"8":7,"9":7,"10":7,"11":4,"12":1,"13":3,"14":3,"15":2,"16":5,"17":2,"18":3,"19":3,"20":3,"21":3,"22":6,"23":6,"24":6,"25":3,"26":4,"27":2,"28":6,"29":6,"30":6},"f":{"0":59,"1":7,"2":4,"3":0,"4":5,"5":6,"6":3,"7":4,"8":2,"9":6},"b":{"0":[7],"1":[1,3],"2":[1,2],"3":[2,3],"4":[6],"5":[6,5,4,3]},"meta":{"lastBranch":6,"lastFunction":10,"lastStatement":31,"seen":{"f:14:4:14:15":0,"s:15:8:15:Infinity":0,"s:16:8:16:Infinity":1,"s:17:8:17:Infinity":2,"s:18:8:18:Infinity":3,"s:19:8:19:Infinity":4,"s:22:8:22:Infinity":5,"f:29:4:29:10":1,"b:29:23:29:34":0,"s:31:8:31:Infinity":6,"s:32:8:32:Infinity":7,"s:35:22:35:39":8,"s:37:8:37:Infinity":9,"s:38:8:38:Infinity":10,"f:46:4:46:16":2,"b:49:8:49:Infinity:undefined:undefined:undefined:undefined":1,"s:49:8:49:Infinity":11,"s:49:24:49:Infinity":12,"b:50:8:50:Infinity:undefined:undefined:undefined:undefined":2,"s:50:8:50:Infinity":13,"s:50:24:50:Infinity":14,"s:51:8:54:Infinity":15,"f:61:4:61:8":3,"f:70:4:70:16":4,"b:71:8:71:Infinity:undefined:undefined:undefined:undefined":3,"s:71:8:71:Infinity":16,"s:71:20:71:Infinity":17,"s:72:19:72:43":18,"s:73:19:73:43":19,"s:74:21:74:49":20,"s:75:8:75:Infinity":21,"f:83:4:83:12":5,"s:84:19:84:43":22,"s:85:19:85:43":23,"s:86:8:86:Infinity":24,"f:94:4:94:10":6,"s:95:8:95:Infinity":25,"f:103:4:103:11":7,"s:104:8:104:Infinity":26,"f:110:4:110:8":8,"s:111:8:111:Infinity":27,"f:123:4:123:12":9,"b:123:57:123:60":4,"s:124:22:124:44":28,"s:125:22:125:45":29,"s:126:8:131:Infinity":30,"b:127:12:127:37:128:12:128:37:129:12:129:37:130:12:130:Infinity":5}}}
}
