{"/home/fkupis/github/Spacebros1/src/js/core/constants.js": {"path":"/home/fkupis/github/Spacebros1/src/js/core/constants.js","statementMap":{"0":{"start":{"line":7,"column":26},"end":{"line":7,"column":29}},"1":{"start":{"line":8,"column":35},"end":{"line":8,"column":38}},"2":{"start":{"line":13,"column":23},"end":{"line":13,"column":25}},"3":{"start":{"line":15,"column":27},"end":{"line":15,"column":30}},"4":{"start":{"line":16,"column":27},"end":{"line":16,"column":45}},"5":{"start":{"line":17,"column":39},"end":{"line":17,"column":41}},"6":{"start":{"line":20,"column":32},"end":{"line":20,"column":46}},"7":{"start":{"line":23,"column":36},"end":{"line":23,"column":41}},"8":{"start":{"line":26,"column":39},"end":{"line":26,"column":42}},"9":{"start":{"line":29,"column":36},"end":{"line":29,"column":64}},"10":{"start":{"line":30,"column":30},"end":{"line":30,"column":69}},"11":{"start":{"line":31,"column":47},"end":{"line":31,"column":52}},"12":{"start":{"line":34,"column":26},"end":{"line":60,"column":1}},"13":{"start":{"line":63,"column":31},"end":{"line":63,"column":32}},"14":{"start":{"line":64,"column":31},"end":{"line":64,"column":32}},"15":{"start":{"line":65,"column":33},"end":{"line":65,"column":66}},"16":{"start":{"line":66,"column":34},"end":{"line":66,"column":56}},"17":{"start":{"line":67,"column":34},"end":{"line":67,"column":56}},"18":{"start":{"line":70,"column":40},"end":{"line":70,"column":43}},"19":{"start":{"line":71,"column":38},"end":{"line":71,"column":49}},"20":{"start":{"line":72,"column":42},"end":{"line":72,"column":45}},"21":{"start":{"line":75,"column":32},"end":{"line":75,"column":36}},"22":{"start":{"line":76,"column":29},"end":{"line":76,"column":34}},"23":{"start":{"line":77,"column":28},"end":{"line":77,"column":33}},"24":{"start":{"line":80,"column":28},"end":{"line":134,"column":1}},"25":{"start":{"line":137,"column":38},"end":{"line":603,"column":1}}},"fnMap":{},"branchMap":{},"s":{"0":1,"1":1,"2":1,"3":1,"4":1,"5":1,"6":1,"7":1,"8":1,"9":1,"10":1,"11":1,"12":1,"13":1,"14":1,"15":1,"16":1,"17":1,"18":1,"19":1,"20":1,"21":1,"22":1,"23":1,"24":1,"25":1},"f":{},"b":{},"meta":{"lastBranch":0,"lastFunction":0,"lastStatement":26,"seen":{"s:7:26:7:29":0,"s:8:35:8:38":1,"s:13:23:13:25":2,"s:15:27:15:30":3,"s:16:27:16:45":4,"s:17:39:17:41":5,"s:20:32:20:46":6,"s:23:36:23:41":7,"s:26:39:26:42":8,"s:29:36:29:64":9,"s:30:30:30:69":10,"s:31:47:31:52":11,"s:34:26:60:1":12,"s:63:31:63:32":13,"s:64:31:64:32":14,"s:65:33:65:66":15,"s:66:34:66:56":16,"s:67:34:67:56":17,"s:70:40:70:43":18,"s:71:38:71:49":19,"s:72:42:72:45":20,"s:75:32:75:36":21,"s:76:29:76:34":22,"s:77:28:77:33":23,"s:80:28:134:1":24,"s:137:38:603:1":25}}}
,"/home/fkupis/github/Spacebros1/src/js/core/math.js": {"path":"/home/fkupis/github/Spacebros1/src/js/core/math.js","statementMap":{"0":{"start":{"line":11,"column":8},"end":{"line":11,"column":null}},"1":{"start":{"line":12,"column":8},"end":{"line":12,"column":null}},"2":{"start":{"line":16,"column":8},"end":{"line":16,"column":null}},"3":{"start":{"line":17,"column":8},"end":{"line":17,"column":null}},"4":{"start":{"line":18,"column":8},"end":{"line":18,"column":null}},"5":{"start":{"line":22,"column":8},"end":{"line":22,"column":null}},"6":{"start":{"line":23,"column":8},"end":{"line":23,"column":null}},"7":{"start":{"line":24,"column":8},"end":{"line":24,"column":null}},"8":{"start":{"line":28,"column":8},"end":{"line":28,"column":null}},"9":{"start":{"line":29,"column":8},"end":{"line":29,"column":null}},"10":{"start":{"line":30,"column":8},"end":{"line":30,"column":null}},"11":{"start":{"line":34,"column":8},"end":{"line":37,"column":null}},"12":{"start":{"line":35,"column":12},"end":{"line":35,"column":null}},"13":{"start":{"line":36,"column":12},"end":{"line":36,"column":null}},"14":{"start":{"line":38,"column":8},"end":{"line":38,"column":null}},"15":{"start":{"line":42,"column":8},"end":{"line":42,"column":null}},"16":{"start":{"line":46,"column":8},"end":{"line":46,"column":null}},"17":{"start":{"line":50,"column":18},"end":{"line":50,"column":28}},"18":{"start":{"line":51,"column":8},"end":{"line":54,"column":null}},"19":{"start":{"line":52,"column":12},"end":{"line":52,"column":null}},"20":{"start":{"line":53,"column":12},"end":{"line":53,"column":null}},"21":{"start":{"line":55,"column":8},"end":{"line":55,"column":null}},"22":{"start":{"line":59,"column":8},"end":{"line":59,"column":null}},"23":{"start":{"line":63,"column":8},"end":{"line":63,"column":null}},"24":{"start":{"line":64,"column":8},"end":{"line":64,"column":null}},"25":{"start":{"line":65,"column":8},"end":{"line":65,"column":null}},"26":{"start":{"line":69,"column":8},"end":{"line":69,"column":null}},"27":{"start":{"line":73,"column":8},"end":{"line":73,"column":null}},"28":{"start":{"line":81,"column":19},"end":{"line":81,"column":30}},"29":{"start":{"line":82,"column":19},"end":{"line":82,"column":30}},"30":{"start":{"line":83,"column":8},"end":{"line":83,"column":null}},"31":{"start":{"line":89,"column":25},"end":{"line":89,"column":37}},"32":{"start":{"line":90,"column":25},"end":{"line":90,"column":37}},"33":{"start":{"line":91,"column":25},"end":{"line":91,"column":37}},"34":{"start":{"line":99,"column":8},"end":{"line":99,"column":null}},"35":{"start":{"line":100,"column":8},"end":{"line":100,"column":null}},"36":{"start":{"line":104,"column":8},"end":{"line":104,"column":null}},"37":{"start":{"line":108,"column":8},"end":{"line":108,"column":null}},"38":{"start":{"line":112,"column":18},"end":{"line":112,"column":54}},"39":{"start":{"line":113,"column":8},"end":{"line":113,"column":null}},"40":{"start":{"line":113,"column":31},"end":{"line":113,"column":null}},"41":{"start":{"line":114,"column":8},"end":{"line":114,"column":null}},"42":{"start":{"line":118,"column":27},"end":{"line":118,"column":60}},"43":{"start":{"line":119,"column":19},"end":{"line":119,"column":48}},"44":{"start":{"line":120,"column":19},"end":{"line":120,"column":48}},"45":{"start":{"line":121,"column":24},"end":{"line":121,"column":26}},"46":{"start":{"line":123,"column":8},"end":{"line":133,"column":null}},"47":{"start":{"line":123,"column":21},"end":{"line":123,"column":32}},"48":{"start":{"line":124,"column":12},"end":{"line":132,"column":null}},"49":{"start":{"line":124,"column":25},"end":{"line":124,"column":36}},"50":{"start":{"line":125,"column":26},"end":{"line":125,"column":51}},"51":{"start":{"line":126,"column":29},"end":{"line":126,"column":45}},"52":{"start":{"line":127,"column":16},"end":{"line":131,"column":null}},"53":{"start":{"line":128,"column":20},"end":{"line":130,"column":null}},"54":{"start":{"line":128,"column":33},"end":{"line":128,"column":34}},"55":{"start":{"line":129,"column":24},"end":{"line":129,"column":null}},"56":{"start":{"line":134,"column":8},"end":{"line":134,"column":null}},"57":{"start":{"line":139,"column":19},"end":{"line":139,"column":48}},"58":{"start":{"line":140,"column":19},"end":{"line":140,"column":48}},"59":{"start":{"line":141,"column":24},"end":{"line":141,"column":26}},"60":{"start":{"line":143,"column":8},"end":{"line":153,"column":null}},"61":{"start":{"line":143,"column":21},"end":{"line":143,"column":23}},"62":{"start":{"line":144,"column":12},"end":{"line":152,"column":null}},"63":{"start":{"line":144,"column":25},"end":{"line":144,"column":27}},"64":{"start":{"line":145,"column":26},"end":{"line":145,"column":51}},"65":{"start":{"line":146,"column":29},"end":{"line":146,"column":45}},"66":{"start":{"line":147,"column":16},"end":{"line":151,"column":null}},"67":{"start":{"line":148,"column":20},"end":{"line":150,"column":null}},"68":{"start":{"line":148,"column":33},"end":{"line":148,"column":34}},"69":{"start":{"line":149,"column":24},"end":{"line":149,"column":null}},"70":{"start":{"line":154,"column":8},"end":{"line":154,"column":null}},"71":{"start":{"line":162,"column":4},"end":{"line":162,"column":null}},"72":{"start":{"line":169,"column":4},"end":{"line":169,"column":null}},"73":{"start":{"line":176,"column":4},"end":{"line":176,"column":null}},"74":{"start":{"line":183,"column":4},"end":{"line":183,"column":null}},"75":{"start":{"line":197,"column":16},"end":{"line":197,"column":23}},"76":{"start":{"line":198,"column":16},"end":{"line":198,"column":23}},"77":{"start":{"line":199,"column":16},"end":{"line":199,"column":23}},"78":{"start":{"line":200,"column":16},"end":{"line":200,"column":23}},"79":{"start":{"line":201,"column":20},"end":{"line":201,"column":41}},"80":{"start":{"line":202,"column":12},"end":{"line":202,"column":13}},"81":{"start":{"line":203,"column":4},"end":{"line":203,"column":null}},"82":{"start":{"line":203,"column":28},"end":{"line":203,"column":null}},"83":{"start":{"line":204,"column":4},"end":{"line":204,"column":null}},"84":{"start":{"line":204,"column":15},"end":{"line":204,"column":null}},"85":{"start":{"line":205,"column":4},"end":{"line":205,"column":null}},"86":{"start":{"line":205,"column":15},"end":{"line":205,"column":null}},"87":{"start":{"line":206,"column":4},"end":{"line":206,"column":null}},"88":{"start":{"line":220,"column":15},"end":{"line":220,"column":80}},"89":{"start":{"line":221,"column":13},"end":{"line":221,"column":32}},"90":{"start":{"line":222,"column":13},"end":{"line":222,"column":32}},"91":{"start":{"line":223,"column":15},"end":{"line":223,"column":33}},"92":{"start":{"line":224,"column":4},"end":{"line":232,"column":null}},"93":{"start":{"line":226,"column":19},"end":{"line":226,"column":26}},"94":{"start":{"line":227,"column":19},"end":{"line":227,"column":26}},"95":{"start":{"line":228,"column":21},"end":{"line":228,"column":44}},"96":{"start":{"line":229,"column":8},"end":{"line":229,"column":null}},"97":{"start":{"line":230,"column":8},"end":{"line":230,"column":null}},"98":{"start":{"line":231,"column":8},"end":{"line":231,"column":null}},"99":{"start":{"line":233,"column":16},"end":{"line":233,"column":19}},"100":{"start":{"line":234,"column":20},"end":{"line":234,"column":46}},"101":{"start":{"line":235,"column":4},"end":{"line":235,"column":null}},"102":{"start":{"line":235,"column":25},"end":{"line":235,"column":null}},"103":{"start":{"line":237,"column":15},"end":{"line":237,"column":24}},"104":{"start":{"line":238,"column":15},"end":{"line":238,"column":24}},"105":{"start":{"line":239,"column":20},"end":{"line":239,"column":34}},"106":{"start":{"line":240,"column":4},"end":{"line":240,"column":null}},"107":{"start":{"line":241,"column":4},"end":{"line":241,"column":null}},"108":{"start":{"line":243,"column":4},"end":{"line":249,"column":null}},"109":{"start":{"line":244,"column":19},"end":{"line":244,"column":56}},"110":{"start":{"line":245,"column":8},"end":{"line":248,"column":null}},"111":{"start":{"line":246,"column":12},"end":{"line":246,"column":null}},"112":{"start":{"line":247,"column":12},"end":{"line":247,"column":null}},"113":{"start":{"line":250,"column":4},"end":{"line":250,"column":null}}},"fnMap":{"0":{"name":"(anonymous_0)","decl":{"start":{"line":10,"column":4},"end":{"line":10,"column":15}},"loc":{"start":{"line":10,"column":30},"end":{"line":13,"column":null}},"line":10},"1":{"name":"(anonymous_1)","decl":{"start":{"line":15,"column":4},"end":{"line":15,"column":7}},"loc":{"start":{"line":15,"column":11},"end":{"line":19,"column":null}},"line":15},"2":{"name":"(anonymous_2)","decl":{"start":{"line":21,"column":4},"end":{"line":21,"column":7}},"loc":{"start":{"line":21,"column":11},"end":{"line":25,"column":null}},"line":21},"3":{"name":"(anonymous_3)","decl":{"start":{"line":27,"column":4},"end":{"line":27,"column":8}},"loc":{"start":{"line":27,"column":12},"end":{"line":31,"column":null}},"line":27},"4":{"name":"(anonymous_4)","decl":{"start":{"line":33,"column":4},"end":{"line":33,"column":7}},"loc":{"start":{"line":33,"column":11},"end":{"line":39,"column":null}},"line":33},"5":{"name":"(anonymous_5)","decl":{"start":{"line":41,"column":4},"end":{"line":41,"column":7}},"loc":{"start":{"line":41,"column":10},"end":{"line":43,"column":null}},"line":41},"6":{"name":"(anonymous_6)","decl":{"start":{"line":45,"column":4},"end":{"line":45,"column":9}},"loc":{"start":{"line":45,"column":12},"end":{"line":47,"column":null}},"line":45},"7":{"name":"(anonymous_7)","decl":{"start":{"line":49,"column":4},"end":{"line":49,"column":13}},"loc":{"start":{"line":49,"column":16},"end":{"line":56,"column":null}},"line":49},"8":{"name":"(anonymous_8)","decl":{"start":{"line":58,"column":4},"end":{"line":58,"column":8}},"loc":{"start":{"line":58,"column":11},"end":{"line":60,"column":null}},"line":58},"9":{"name":"(anonymous_9)","decl":{"start":{"line":62,"column":4},"end":{"line":62,"column":7}},"loc":{"start":{"line":62,"column":14},"end":{"line":66,"column":null}},"line":62},"10":{"name":"(anonymous_10)","decl":{"start":{"line":68,"column":11},"end":{"line":68,"column":15}},"loc":{"start":{"line":68,"column":24},"end":{"line":70,"column":null}},"line":68},"11":{"name":"(anonymous_11)","decl":{"start":{"line":72,"column":11},"end":{"line":72,"column":16}},"loc":{"start":{"line":72,"column":25},"end":{"line":74,"column":null}},"line":72},"12":{"name":"(anonymous_12)","decl":{"start":{"line":80,"column":11},"end":{"line":80,"column":17}},"loc":{"start":{"line":80,"column":26},"end":{"line":84,"column":null}},"line":80},"13":{"name":"(anonymous_13)","decl":{"start":{"line":98,"column":4},"end":{"line":98,"column":15}},"loc":{"start":{"line":98,"column":26},"end":{"line":101,"column":null}},"line":98},"14":{"name":"(anonymous_14)","decl":{"start":{"line":103,"column":4},"end":{"line":103,"column":7}},"loc":{"start":{"line":103,"column":14},"end":{"line":105,"column":null}},"line":103},"15":{"name":"(anonymous_15)","decl":{"start":{"line":107,"column":4},"end":{"line":107,"column":9}},"loc":{"start":{"line":107,"column":12},"end":{"line":109,"column":null}},"line":107},"16":{"name":"(anonymous_16)","decl":{"start":{"line":111,"column":4},"end":{"line":111,"column":10}},"loc":{"start":{"line":111,"column":19},"end":{"line":115,"column":null}},"line":111},"17":{"name":"(anonymous_17)","decl":{"start":{"line":117,"column":4},"end":{"line":117,"column":9}},"loc":{"start":{"line":117,"column":28},"end":{"line":135,"column":null}},"line":117},"18":{"name":"(anonymous_18)","decl":{"start":{"line":137,"column":4},"end":{"line":137,"column":15}},"loc":{"start":{"line":137,"column":22},"end":{"line":155,"column":null}},"line":137},"19":{"name":"clamp","decl":{"start":{"line":161,"column":16},"end":{"line":161,"column":21}},"loc":{"start":{"line":161,"column":39},"end":{"line":163,"column":null}},"line":161},"20":{"name":"lerp","decl":{"start":{"line":168,"column":16},"end":{"line":168,"column":20}},"loc":{"start":{"line":168,"column":30},"end":{"line":170,"column":null}},"line":168},"21":{"name":"randomRange","decl":{"start":{"line":175,"column":16},"end":{"line":175,"column":27}},"loc":{"start":{"line":175,"column":38},"end":{"line":177,"column":null}},"line":175},"22":{"name":"randomInt","decl":{"start":{"line":182,"column":16},"end":{"line":182,"column":25}},"loc":{"start":{"line":182,"column":36},"end":{"line":184,"column":null}},"line":182},"23":{"name":"closestPointOnSegment","decl":{"start":{"line":196,"column":16},"end":{"line":196,"column":37}},"loc":{"start":{"line":196,"column":62},"end":{"line":207,"column":null}},"line":196},"24":{"name":"resolveCircleSegment","decl":{"start":{"line":219,"column":16},"end":{"line":219,"column":36}},"loc":{"start":{"line":219,"column":79},"end":{"line":251,"column":null}},"line":219}},"branchMap":{"0":{"loc":{"start":{"line":10,"column":16},"end":{"line":10,"column":21}},"type":"default-arg","locations":[{"start":{"line":10,"column":20},"end":{"line":10,"column":21}}],"line":10},"1":{"loc":{"start":{"line":10,"column":23},"end":{"line":10,"column":28}},"type":"default-arg","locations":[{"start":{"line":10,"column":27},"end":{"line":10,"column":28}}],"line":10},"2":{"loc":{"start":{"line":34,"column":8},"end":{"line":37,"column":null}},"type":"if","locations":[{"start":{"line":34,"column":8},"end":{"line":37,"column":null}},{"start":{},"end":{}}],"line":34},"3":{"loc":{"start":{"line":51,"column":8},"end":{"line":54,"column":null}},"type":"if","locations":[{"start":{"line":51,"column":8},"end":{"line":54,"column":null}},{"start":{},"end":{}}],"line":51},"4":{"loc":{"start":{"line":113,"column":8},"end":{"line":113,"column":null}},"type":"if","locations":[{"start":{"line":113,"column":8},"end":{"line":113,"column":null}},{"start":{},"end":{}}],"line":113},"5":{"loc":{"start":{"line":117,"column":16},"end":{"line":117,"column":26}},"type":"default-arg","locations":[{"start":{"line":117,"column":25},"end":{"line":117,"column":26}}],"line":117},"6":{"loc":{"start":{"line":127,"column":16},"end":{"line":131,"column":null}},"type":"if","locations":[{"start":{"line":127,"column":16},"end":{"line":131,"column":null}},{"start":{},"end":{}}],"line":127},"7":{"loc":{"start":{"line":147,"column":16},"end":{"line":151,"column":null}},"type":"if","locations":[{"start":{"line":147,"column":16},"end":{"line":151,"column":null}},{"start":{},"end":{}}],"line":147},"8":{"loc":{"start":{"line":203,"column":4},"end":{"line":203,"column":null}},"type":"if","locations":[{"start":{"line":203,"column":4},"end":{"line":203,"column":null}},{"start":{},"end":{}}],"line":203},"9":{"loc":{"start":{"line":204,"column":4},"end":{"line":204,"column":null}},"type":"if","locations":[{"start":{"line":204,"column":4},"end":{"line":204,"column":null}},{"start":{},"end":{}}],"line":204},"10":{"loc":{"start":{"line":205,"column":4},"end":{"line":205,"column":null}},"type":"if","locations":[{"start":{"line":205,"column":4},"end":{"line":205,"column":null}},{"start":{},"end":{}}],"line":205},"11":{"loc":{"start":{"line":219,"column":61},"end":{"line":219,"column":77}},"type":"default-arg","locations":[{"start":{"line":219,"column":74},"end":{"line":219,"column":77}}],"line":219},"12":{"loc":{"start":{"line":224,"column":4},"end":{"line":232,"column":null}},"type":"if","locations":[{"start":{"line":224,"column":4},"end":{"line":232,"column":null}},{"start":{},"end":{}}],"line":224},"13":{"loc":{"start":{"line":228,"column":21},"end":{"line":228,"column":44}},"type":"binary-expr","locations":[{"start":{"line":228,"column":21},"end":{"line":228,"column":39}},{"start":{"line":228,"column":43},"end":{"line":228,"column":44}}],"line":228},"14":{"loc":{"start":{"line":234,"column":21},"end":{"line":234,"column":39}},"type":"binary-expr","locations":[{"start":{"line":234,"column":21},"end":{"line":234,"column":34}},{"start":{"line":234,"column":38},"end":{"line":234,"column":39}}],"line":234},"15":{"loc":{"start":{"line":235,"column":4},"end":{"line":235,"column":null}},"type":"if","locations":[{"start":{"line":235,"column":4},"end":{"line":235,"column":null}},{"start":{},"end":{}}],"line":235},"16":{"loc":{"start":{"line":243,"column":4},"end":{"line":249,"column":null}},"type":"if","locations":[{"start":{"line":243,"column":4},"end":{"line":249,"column":null}},{"start":{},"end":{}}],"line":243},"17":{"loc":{"start":{"line":245,"column":8},"end":{"line":248,"column":null}},"type":"if","locations":[{"start":{"line":245,"column":8},"end":{"line":248,"column":null}},{"start":{},"end":{}}],"line":245}},"s":{"0":49,"1":49,"2":2,"3":2,"4":2,"5":1,"6":1,"7":1,"8":3,"9":3,"10":3,"11":2,"12":1,"13":1,"14":2,"15":8,"16":2,"17":3,"18":3,"19":2,"20":2,"21":3,"22":1,"23":197,"24":197,"25":197,"26":1,"27":3,"28":1,"29":1,"30":1,"31":2,"32":2,"33":2,"34":8,"35":8,"36":11,"37":1,"38":6,"39":6,"40":6,"41":6,"42":2,"43":2,"44":2,"45":2,"46":2,"47":2,"48":6,"49":6,"50":18,"51":18,"52":18,"53":3,"54":3,"55":3,"56":2,"57":1,"58":1,"59":1,"60":1,"61":1,"62":3,"63":3,"64":9,"65":9,"66":9,"67":1,"68":1,"69":1,"70":1,"71":4,"72":5,"73":150,"74":101,"75":4,"76":4,"77":4,"78":4,"79":4,"80":4,"81":4,"82":4,"83":4,"84":0,"85":4,"86":1,"87":4,"88":0,"89":0,"90":0,"91":0,"92":0,"93":0,"94":0,"95":0,"96":0,"97":0,"98":0,"99":0,"100":0,"101":0,"102":0,"103":0,"104":0,"105":0,"106":0,"107":0,"108":0,"109":0,"110":0,"111":0,"112":0,"113":0},"f":{"0":49,"1":2,"2":1,"3":3,"4":2,"5":8,"6":2,"7":3,"8":1,"9":197,"10":2,"11":2,"12":2,"13":8,"14":11,"15":1,"16":6,"17":2,"18":1,"19":4,"20":5,"21":150,"22":101,"23":4,"24":0},"b":{"0":[49],"1":[49],"2":[1,1],"3":[2,1],"4":[6,0],"5":[2],"6":[3,15],"7":[1,8],"8":[4,0],"9":[0,4],"10":[1,3],"11":[0],"12":[0,0],"13":[0,0],"14":[0,0],"15":[0,0],"16":[0,0],"17":[0,0]},"meta":{"lastBranch":18,"lastFunction":25,"lastStatement":114,"seen":{"f:10:4:10:15":0,"b:10:20:10:21":0,"b:10:27:10:28":1,"s:11:8:11:Infinity":0,"s:12:8:12:Infinity":1,"f:15:4:15:7":1,"s:16:8:16:Infinity":2,"s:17:8:17:Infinity":3,"s:18:8:18:Infinity":4,"f:21:4:21:7":2,"s:22:8:22:Infinity":5,"s:23:8:23:Infinity":6,"s:24:8:24:Infinity":7,"f:27:4:27:8":3,"s:28:8:28:Infinity":8,"s:29:8:29:Infinity":9,"s:30:8:30:Infinity":10,"f:33:4:33:7":4,"b:34:8:37:Infinity:undefined:undefined:undefined:undefined":2,"s:34:8:37:Infinity":11,"s:35:12:35:Infinity":12,"s:36:12:36:Infinity":13,"s:38:8:38:Infinity":14,"f:41:4:41:7":5,"s:42:8:42:Infinity":15,"f:45:4:45:9":6,"s:46:8:46:Infinity":16,"f:49:4:49:13":7,"s:50:18:50:28":17,"b:51:8:54:Infinity:undefined:undefined:undefined:undefined":3,"s:51:8:54:Infinity":18,"s:52:12:52:Infinity":19,"s:53:12:53:Infinity":20,"s:55:8:55:Infinity":21,"f:58:4:58:8":8,"s:59:8:59:Infinity":22,"f:62:4:62:7":9,"s:63:8:63:Infinity":23,"s:64:8:64:Infinity":24,"s:65:8:65:Infinity":25,"f:68:11:68:15":10,"s:69:8:69:Infinity":26,"f:72:11:72:16":11,"s:73:8:73:Infinity":27,"f:80:11:80:17":12,"s:81:19:81:30":28,"s:82:19:82:30":29,"s:83:8:83:Infinity":30,"s:89:25:89:37":31,"s:90:25:90:37":32,"s:91:25:91:37":33,"f:98:4:98:15":13,"s:99:8:99:Infinity":34,"s:100:8:100:Infinity":35,"f:103:4:103:7":14,"s:104:8:104:Infinity":36,"f:107:4:107:9":15,"s:108:8:108:Infinity":37,"f:111:4:111:10":16,"s:112:18:112:54":38,"b:113:8:113:Infinity:undefined:undefined:undefined:undefined":4,"s:113:8:113:Infinity":39,"s:113:31:113:Infinity":40,"s:114:8:114:Infinity":41,"f:117:4:117:9":17,"b:117:25:117:26":5,"s:118:27:118:60":42,"s:119:19:119:48":43,"s:120:19:120:48":44,"s:121:24:121:26":45,"s:123:8:133:Infinity":46,"s:123:21:123:32":47,"s:124:12:132:Infinity":48,"s:124:25:124:36":49,"s:125:26:125:51":50,"s:126:29:126:45":51,"b:127:16:131:Infinity:undefined:undefined:undefined:undefined":6,"s:127:16:131:Infinity":52,"s:128:20:130:Infinity":53,"s:128:33:128:34":54,"s:129:24:129:Infinity":55,"s:134:8:134:Infinity":56,"f:137:4:137:15":18,"s:139:19:139:48":57,"s:140:19:140:48":58,"s:141:24:141:26":59,"s:143:8:153:Infinity":60,"s:143:21:143:23":61,"s:144:12:152:Infinity":62,"s:144:25:144:27":63,"s:145:26:145:51":64,"s:146:29:146:45":65,"b:147:16:151:Infinity:undefined:undefined:undefined:undefined":7,"s:147:16:151:Infinity":66,"s:148:20:150:Infinity":67,"s:148:33:148:34":68,"s:149:24:149:Infinity":69,"s:154:8:154:Infinity":70,"f:161:16:161:21":19,"s:162:4:162:Infinity":71,"f:168:16:168:20":20,"s:169:4:169:Infinity":72,"f:175:16:175:27":21,"s:176:4:176:Infinity":73,"f:182:16:182:25":22,"s:183:4:183:Infinity":74,"f:196:16:196:37":23,"s:197:16:197:23":75,"s:198:16:198:23":76,"s:199:16:199:23":77,"s:200:16:200:23":78,"s:201:20:201:41":79,"s:202:12:202:13":80,"b:203:4:203:Infinity:undefined:undefined:undefined:undefined":8,"s:203:4:203:Infinity":81,"s:203:28:203:Infinity":82,"b:204:4:204:Infinity:undefined:undefined:undefined:undefined":9,"s:204:4:204:Infinity":83,"s:204:15:204:Infinity":84,"b:205:4:205:Infinity:undefined:undefined:undefined:undefined":10,"s:205:4:205:Infinity":85,"s:205:15:205:Infinity":86,"s:206:4:206:Infinity":87,"f:219:16:219:36":24,"b:219:74:219:77":11,"s:220:15:220:80":88,"s:221:13:221:32":89,"s:222:13:222:32":90,"s:223:15:223:33":91,"b:224:4:232:Infinity:undefined:undefined:undefined:undefined":12,"s:224:4:232:Infinity":92,"s:226:19:226:26":93,"s:227:19:227:26":94,"s:228:21:228:44":95,"b:228:21:228:39:228:43:228:44":13,"s:229:8:229:Infinity":96,"s:230:8:230:Infinity":97,"s:231:8:231:Infinity":98,"s:233:16:233:19":99,"s:234:20:234:46":100,"b:234:21:234:34:234:38:234:39":14,"b:235:4:235:Infinity:undefined:undefined:undefined:undefined":15,"s:235:4:235:Infinity":101,"s:235:25:235:Infinity":102,"s:237:15:237:24":103,"s:238:15:238:24":104,"s:239:20:239:34":105,"s:240:4:240:Infinity":106,"s:241:4:241:Infinity":107,"b:243:4:249:Infinity:undefined:undefined:undefined:undefined":16,"s:243:4:249:Infinity":108,"s:244:19:244:56":109,"b:245:8:248:Infinity:undefined:undefined:undefined:undefined":17,"s:245:8:248:Infinity":110,"s:246:12:246:Infinity":111,"s:247:12:247:Infinity":112,"s:250:4:250:Infinity":113}}}
}
